;  LST file generated by mikroListExporter - v.2.0 
; Date/Time: 1.06.2022 20:48:42
;----------------------------------------------

;Address Opcode 	ASM
0x0000	0x2B35      	GOTO       821
_NOKIA_Write_Byte:
;3310.c,105 :: 		void NOKIA_Write_Byte(char byteforNOKIA)
;3310.c,108 :: 		for(i=8;i>0;i--)
0x0003	0x3008      	MOVLW      8
0x0004	0x1283      	BCF        STATUS, 5
0x0005	0x1303      	BCF        STATUS, 6
0x0006	0x00F2      	MOVWF      R2
L_NOKIA_Write_Byte0:
0x0007	0x0872      	MOVF       R2, 0
0x0008	0x3C00      	SUBLW      0
0x0009	0x1803      	BTFSC      STATUS, 0
0x000A	0x281F      	GOTO       L_NOKIA_Write_Byte1
;3310.c,110 :: 		nok_sclk=0;
0x000B	0x1386      	BCF        nok_sclk, BitPos(nok_sclk+0)
;3310.c,111 :: 		Delay_Us(2);
0x000C	0x0000      	NOP
0x000D	0x0000      	NOP
;3310.c,112 :: 		if((byteforNOKIA & 0x80)==0)
0x000E	0x3080      	MOVLW      128
0x000F	0x0536      	ANDWF      FARG_NOKIA_Write_Byte_byteforNOKIA, 0
0x0010	0x00F1      	MOVWF      R1
0x0011	0x0871      	MOVF       R1, 0
0x0012	0x3A00      	XORLW      0
0x0013	0x1D03      	BTFSS      STATUS, 2
0x0014	0x2817      	GOTO       L_NOKIA_Write_Byte3
;3310.c,113 :: 		nok_sdin=0;
0x0015	0x1306      	BCF        nok_sdin, BitPos(nok_sdin+0)
0x0016	0x2818      	GOTO       L_NOKIA_Write_Byte4
L_NOKIA_Write_Byte3:
;3310.c,115 :: 		nok_sdin=1;
0x0017	0x1706      	BSF        nok_sdin, BitPos(nok_sdin+0)
L_NOKIA_Write_Byte4:
;3310.c,116 :: 		nok_sclk=1;
0x0018	0x1786      	BSF        nok_sclk, BitPos(nok_sclk+0)
;3310.c,117 :: 		Delay_Us(2);
0x0019	0x0000      	NOP
0x001A	0x0000      	NOP
;3310.c,118 :: 		byteforNOKIA = byteforNOKIA << 1;
0x001B	0x0DB6      	RLF        FARG_NOKIA_Write_Byte_byteforNOKIA, 1
0x001C	0x1036      	BCF        FARG_NOKIA_Write_Byte_byteforNOKIA, 0
;3310.c,108 :: 		for(i=8;i>0;i--)
0x001D	0x03F2      	DECF       R2, 1
;3310.c,119 :: 		}
0x001E	0x2807      	GOTO       L_NOKIA_Write_Byte0
L_NOKIA_Write_Byte1:
;3310.c,120 :: 		}
L_end_NOKIA_Write_Byte:
0x001F	0x0008      	RETURN
; end of _NOKIA_Write_Byte
_NOKIA_Write_Command:
;3310.c,132 :: 		void NOKIA_Write_Command(char NOKIA_command)
;3310.c,134 :: 		nok_dc        = 0;        // Komut gönderimi için D/C=0;
0x0020	0x1283      	BCF        STATUS, 5
0x0021	0x1303      	BCF        STATUS, 6
0x0022	0x1286      	BCF        nok_dc, BitPos(nok_dc+0)
;3310.c,135 :: 		nok_sce = 0;        // Chip aktif
0x0023	0x1206      	BCF        nok_sce, BitPos(nok_sce+0)
;3310.c,136 :: 		NOKIA_write_byte(NOKIA_command);
0x0024	0x0835      	MOVF       FARG_NOKIA_Write_Command_NOKIA_command, 0
0x0025	0x00B6      	MOVWF      FARG_NOKIA_Write_Byte_byteforNOKIA
0x0026	0x2003      	CALL       _NOKIA_Write_Byte
;3310.c,137 :: 		nok_sce = 1;        // Chip pasif
0x0027	0x1606      	BSF        nok_sce, BitPos(nok_sce+0)
;3310.c,138 :: 		}
L_end_NOKIA_Write_Command:
0x0028	0x0008      	RETURN
; end of _NOKIA_Write_Command
_NOKIA_Goto_xy:
;3310.c,141 :: 		void NOKIA_Goto_xy(char xNOKIA,char yNOKIA)                        // Ýstenilen bölgeye ulaþma fonksiyonu
;3310.c,143 :: 		NOKIA_write_command(0x40|(xNOKIA & 0x07));                // Y bu þekilde hareket ediyor: 0100 0yyy
0x0029	0x3007      	MOVLW      7
0x002A	0x1283      	BCF        STATUS, 5
0x002B	0x1303      	BCF        STATUS, 6
0x002C	0x0533      	ANDWF      FARG_NOKIA_Goto_xy_xNOKIA, 0
0x002D	0x00F0      	MOVWF      R0
0x002E	0x3040      	MOVLW      64
0x002F	0x0470      	IORWF      R0, 0
0x0030	0x00B5      	MOVWF      FARG_NOKIA_Write_Command_NOKIA_command
0x0031	0x2020      	CALL       _NOKIA_Write_Command
;3310.c,144 :: 		NOKIA_write_command(0x80|(yNOKIA & 0x7F));                // X bu þekilde hareket ediyor: 1xxx xxxx
0x0032	0x307F      	MOVLW      127
0x0033	0x0534      	ANDWF      FARG_NOKIA_Goto_xy_yNOKIA, 0
0x0034	0x00F0      	MOVWF      R0
0x0035	0x3080      	MOVLW      128
0x0036	0x0470      	IORWF      R0, 0
0x0037	0x00B5      	MOVWF      FARG_NOKIA_Write_Command_NOKIA_command
0x0038	0x2020      	CALL       _NOKIA_Write_Command
;3310.c,145 :: 		}
L_end_NOKIA_Goto_xy:
0x0039	0x0008      	RETURN
; end of _NOKIA_Goto_xy
_____DoICP:
;__Lib_System.c,6 :: 		
;__Lib_System.c,9 :: 		
0x003A	0x1283      	BCF        STATUS, 5
0x003B	0x1303      	BCF        STATUS, 6
0x003C	0x0821      	MOVF       ___DoICPAddr+1, 0
0x003D	0x008A      	MOVWF      PCLATH
;__Lib_System.c,10 :: 		
0x003E	0x0820      	MOVF       ___DoICPAddr, 0
0x003F	0x0082      	MOVWF      PCL
;__Lib_System.c,12 :: 		
L_end_____DoICP:
0x0040	0x0008      	RETURN
; end of _____DoICP
_Mul_8X8_U:
;__Lib_Math.c,103 :: 		
;__Lib_Math.c,108 :: 		
0x0041	0x1283      	BCF        STATUS, 5
;__Lib_Math.c,109 :: 		
0x0042	0x1303      	BCF        STATUS, 6
;__Lib_Math.c,110 :: 		
0x0043	0x0870      	MOVF       R0, 0
;__Lib_Math.c,111 :: 		
0x0044	0x00F1      	MOVWF      R1
;__Lib_Math.c,112 :: 		
0x0045	0x01F0      	CLRF       R0
;__Lib_Math.c,113 :: 		
0x0046	0x3008      	MOVLW      8
;__Lib_Math.c,114 :: 		
0x0047	0x00FC      	MOVWF      R12
;__Lib_Math.c,115 :: 		
0x0048	0x0871      	MOVF       R1, 0
;__Lib_Math.c,116 :: 		
0x0049	0x0CF4      	RRF        R4, 1
;__Lib_Math.c,117 :: 		
0x004A	0x1803      	BTFSC      STATUS, 0
;__Lib_Math.c,118 :: 		
0x004B	0x2850      	GOTO       $+5
;__Lib_Math.c,119 :: 		
0x004C	0x0BFC      	DECFSZ     R12, 1
;__Lib_Math.c,120 :: 		
0x004D	0x2849      	GOTO       $-4
;__Lib_Math.c,121 :: 		
0x004E	0x01F1      	CLRF       R1
;__Lib_Math.c,122 :: 		
0x004F	0x3400      	RETLW      0
;__Lib_Math.c,123 :: 		
0x0050	0x1003      	BCF        STATUS, 0
;__Lib_Math.c,124 :: 		
0x0051	0x2855      	GOTO       $+4
;__Lib_Math.c,125 :: 		
0x0052	0x0CF4      	RRF        R4, 1
;__Lib_Math.c,126 :: 		
0x0053	0x1803      	BTFSC      STATUS, 0
;__Lib_Math.c,127 :: 		
0x0054	0x07F1      	ADDWF      R1, 1
;__Lib_Math.c,128 :: 		
0x0055	0x0CF1      	RRF        R1, 1
;__Lib_Math.c,129 :: 		
0x0056	0x0CF0      	RRF        R0, 1
;__Lib_Math.c,130 :: 		
0x0057	0x0BFC      	DECFSZ     R12, 1
;__Lib_Math.c,131 :: 		
0x0058	0x2852      	GOTO       $-6
;__Lib_Math.c,133 :: 		
;__Lib_Math.c,134 :: 		
L_end_Mul_8X8_U:
0x0059	0x0008      	RETURN
; end of _Mul_8X8_U
_NOKIA_Write_Data:
;3310.c,122 :: 		void NOKIA_Write_Data(char NOKIA_data)
;3310.c,124 :: 		nok_dc        = 1;        // Data gönderimi için D/C=1
0x005A	0x1283      	BCF        STATUS, 5
0x005B	0x1303      	BCF        STATUS, 6
0x005C	0x1686      	BSF        nok_dc, BitPos(nok_dc+0)
;3310.c,125 :: 		nok_sce = 0;        // Chip aktif
0x005D	0x1206      	BCF        nok_sce, BitPos(nok_sce+0)
;3310.c,126 :: 		NOKIA_write_byte(NOKIA_data);
0x005E	0x0833      	MOVF       FARG_NOKIA_Write_Data_NOKIA_data, 0
0x005F	0x00B6      	MOVWF      FARG_NOKIA_Write_Byte_byteforNOKIA
0x0060	0x2003      	CALL       _NOKIA_Write_Byte
;3310.c,127 :: 		nok_sce = 1;        // Chip pasif
0x0061	0x1606      	BSF        nok_sce, BitPos(nok_sce+0)
;3310.c,128 :: 		}
L_end_NOKIA_Write_Data:
0x0062	0x0008      	RETURN
; end of _NOKIA_Write_Data
_NOKIA_Clear:
;3310.c,147 :: 		void NOKIA_Clear(void)
;3310.c,150 :: 		NOKIA_goto_xy(0,0);                                        // 84*6=504bit Dram alaný temizleniyor
0x0063	0x1283      	BCF        STATUS, 5
0x0064	0x1303      	BCF        STATUS, 6
0x0065	0x01B3      	CLRF       FARG_NOKIA_Goto_xy_xNOKIA
0x0066	0x01B4      	CLRF       FARG_NOKIA_Goto_xy_yNOKIA
0x0067	0x2029      	CALL       _NOKIA_Goto_xy
;3310.c,151 :: 		for(ddram=0; ddram<504; ddram++)
0x0068	0x01AE      	CLRF       NOKIA_Clear_ddram_L0
0x0069	0x01AF      	CLRF       NOKIA_Clear_ddram_L0+1
L_NOKIA_Clear5:
0x006A	0x3080      	MOVLW      128
0x006B	0x062F      	XORWF      NOKIA_Clear_ddram_L0+1, 0
0x006C	0x00F0      	MOVWF      R0
0x006D	0x3080      	MOVLW      128
0x006E	0x3A01      	XORLW      1
0x006F	0x0270      	SUBWF      R0, 0
0x0070	0x1D03      	BTFSS      STATUS, 2
0x0071	0x2874      	GOTO       L__NOKIA_Clear70
0x0072	0x30F8      	MOVLW      248
0x0073	0x022E      	SUBWF      NOKIA_Clear_ddram_L0, 0
L__NOKIA_Clear70:
0x0074	0x1803      	BTFSC      STATUS, 0
0x0075	0x287C      	GOTO       L_NOKIA_Clear6
;3310.c,152 :: 		NOKIA_write_data(0x00);
0x0076	0x01B3      	CLRF       FARG_NOKIA_Write_Data_NOKIA_data
0x0077	0x205A      	CALL       _NOKIA_Write_Data
;3310.c,151 :: 		for(ddram=0; ddram<504; ddram++)
0x0078	0x0AAE      	INCF       NOKIA_Clear_ddram_L0, 1
0x0079	0x1903      	BTFSC      STATUS, 2
0x007A	0x0AAF      	INCF       NOKIA_Clear_ddram_L0+1, 1
;3310.c,152 :: 		NOKIA_write_data(0x00);
0x007B	0x286A      	GOTO       L_NOKIA_Clear5
L_NOKIA_Clear6:
;3310.c,153 :: 		}
L_end_NOKIA_Clear:
0x007C	0x0008      	RETURN
; end of _NOKIA_Clear
_NOKIA_Chr_for_NOKIA_out:
;3310.c,233 :: 		void NOKIA_Chr_for_NOKIA_out(char xNOKIA,char yNOKIA, char charsel)                        // ASCII tablosunu kullanarak yazý yazdýrmaya yarayan fonksiyon
;3310.c,236 :: 		NOKIA_Goto_xy(xNOKIA,yNOKIA);
0x007D	0x1283      	BCF        STATUS, 5
0x007E	0x1303      	BCF        STATUS, 6
0x007F	0x082E      	MOVF       FARG_NOKIA_Chr_for_NOKIA_out_xNOKIA, 0
0x0080	0x00B3      	MOVWF      FARG_NOKIA_Goto_xy_xNOKIA
0x0081	0x082F      	MOVF       FARG_NOKIA_Chr_for_NOKIA_out_yNOKIA, 0
0x0082	0x00B4      	MOVWF      FARG_NOKIA_Goto_xy_yNOKIA
0x0083	0x2029      	CALL       _NOKIA_Goto_xy
;3310.c,238 :: 		if (charsel<0x20) return;
0x0084	0x3020      	MOVLW      32
0x0085	0x0230      	SUBWF      FARG_NOKIA_Chr_for_NOKIA_out_charsel, 0
0x0086	0x1803      	BTFSC      STATUS, 0
0x0087	0x2889      	GOTO       L_NOKIA_Chr_for_NOKIA_out25
0x0088	0x28D8      	GOTO       L_end_NOKIA_Chr_for_NOKIA_out
L_NOKIA_Chr_for_NOKIA_out25:
;3310.c,239 :: 		if (charsel>0x7f) return;
0x0089	0x0830      	MOVF       FARG_NOKIA_Chr_for_NOKIA_out_charsel, 0
0x008A	0x3C7F      	SUBLW      127
0x008B	0x1803      	BTFSC      STATUS, 0
0x008C	0x288E      	GOTO       L_NOKIA_Chr_for_NOKIA_out26
0x008D	0x28D8      	GOTO       L_end_NOKIA_Chr_for_NOKIA_out
L_NOKIA_Chr_for_NOKIA_out26:
;3310.c,241 :: 		for(char_row=0;char_row<5;char_row++)
0x008E	0x01B1      	CLRF       NOKIA_Chr_for_NOKIA_out_char_row_L0
L_NOKIA_Chr_for_NOKIA_out27:
0x008F	0x3005      	MOVLW      5
0x0090	0x0231      	SUBWF      NOKIA_Chr_for_NOKIA_out_char_row_L0, 0
0x0091	0x1803      	BTFSC      STATUS, 0
0x0092	0x28D6      	GOTO       L_NOKIA_Chr_for_NOKIA_out28
;3310.c,243 :: 		if(charsel<0x50)                // Seçilen karekterin ASCII kodu 50h'tan ufaksa
0x0093	0x3050      	MOVLW      80
0x0094	0x0230      	SUBWF      FARG_NOKIA_Chr_for_NOKIA_out_charsel, 0
0x0095	0x1803      	BTFSC      STATUS, 0
0x0096	0x28B2      	GOTO       L_NOKIA_Chr_for_NOKIA_out30
;3310.c,245 :: 		charpos=(((charsel&0xff)-0x20)*5);
0x0097	0x30FF      	MOVLW      255
0x0098	0x0530      	ANDWF      FARG_NOKIA_Chr_for_NOKIA_out_charsel, 0
0x0099	0x00F0      	MOVWF      R0
0x009A	0x3020      	MOVLW      32
0x009B	0x02F0      	SUBWF      R0, 1
0x009C	0x3005      	MOVLW      5
0x009D	0x00F4      	MOVWF      R4
0x009E	0x2041      	CALL       _Mul_8X8_U
;3310.c,246 :: 		chardata=tablo1[(charpos+char_row)];
0x009F	0x0831      	MOVF       NOKIA_Chr_for_NOKIA_out_char_row_L0, 0
0x00A0	0x07F0      	ADDWF      R0, 1
0x00A1	0x01F1      	CLRF       R0+1
0x00A2	0x1803      	BTFSC      STATUS, 0
0x00A3	0x0AF1      	INCF       R0+1, 1
0x00A4	0x30BA      	MOVLW      _tablo1
0x00A5	0x07F0      	ADDWF      R0, 1
0x00A6	0x3006      	MOVLW      hi_addr(_tablo1)
0x00A7	0x1803      	BTFSC      STATUS, 0
0x00A8	0x3E01      	ADDLW      1
0x00A9	0x07F1      	ADDWF      R0+1, 1
0x00AA	0x0870      	MOVF       R0, 0
0x00AB	0x00A0      	MOVWF      ___DoICPAddr
0x00AC	0x0871      	MOVF       R0+1, 0
0x00AD	0x00A1      	MOVWF      ___DoICPAddr+1
0x00AE	0x203A      	CALL       _____DoICP
0x00AF	0x118A      	BCF        PCLATH, 3
0x00B0	0x120A      	BCF        PCLATH, 4
0x00B1	0x00B2      	MOVWF      NOKIA_Chr_for_NOKIA_out_chardata_L0
;3310.c,247 :: 		}
L_NOKIA_Chr_for_NOKIA_out30:
;3310.c,248 :: 		if(charsel>0x4f)                // Seçilen karekterin ASCII kodu 50h'tan büyükse
0x00B2	0x0830      	MOVF       FARG_NOKIA_Chr_for_NOKIA_out_charsel, 0
0x00B3	0x3C4F      	SUBLW      79
0x00B4	0x1803      	BTFSC      STATUS, 0
0x00B5	0x28D1      	GOTO       L_NOKIA_Chr_for_NOKIA_out31
;3310.c,250 :: 		charpos=(((charsel&0xff)-0x50)*5);
0x00B6	0x30FF      	MOVLW      255
0x00B7	0x0530      	ANDWF      FARG_NOKIA_Chr_for_NOKIA_out_charsel, 0
0x00B8	0x00F0      	MOVWF      R0
0x00B9	0x3050      	MOVLW      80
0x00BA	0x02F0      	SUBWF      R0, 1
0x00BB	0x3005      	MOVLW      5
0x00BC	0x00F4      	MOVWF      R4
0x00BD	0x2041      	CALL       _Mul_8X8_U
;3310.c,251 :: 		chardata=tablo2[(charpos+char_row)];
0x00BE	0x0831      	MOVF       NOKIA_Chr_for_NOKIA_out_char_row_L0, 0
0x00BF	0x07F0      	ADDWF      R0, 1
0x00C0	0x01F1      	CLRF       R0+1
0x00C1	0x1803      	BTFSC      STATUS, 0
0x00C2	0x0AF1      	INCF       R0+1, 1
0x00C3	0x30C9      	MOVLW      _tablo2
0x00C4	0x07F0      	ADDWF      R0, 1
0x00C5	0x3005      	MOVLW      hi_addr(_tablo2)
0x00C6	0x1803      	BTFSC      STATUS, 0
0x00C7	0x3E01      	ADDLW      1
0x00C8	0x07F1      	ADDWF      R0+1, 1
0x00C9	0x0870      	MOVF       R0, 0
0x00CA	0x00A0      	MOVWF      ___DoICPAddr
0x00CB	0x0871      	MOVF       R0+1, 0
0x00CC	0x00A1      	MOVWF      ___DoICPAddr+1
0x00CD	0x203A      	CALL       _____DoICP
0x00CE	0x118A      	BCF        PCLATH, 3
0x00CF	0x120A      	BCF        PCLATH, 4
0x00D0	0x00B2      	MOVWF      NOKIA_Chr_for_NOKIA_out_chardata_L0
;3310.c,252 :: 		}
L_NOKIA_Chr_for_NOKIA_out31:
;3310.c,254 :: 		NOKIA_write_data(chardata);        // Datayý gönder
0x00D1	0x0832      	MOVF       NOKIA_Chr_for_NOKIA_out_chardata_L0, 0
0x00D2	0x00B3      	MOVWF      FARG_NOKIA_Write_Data_NOKIA_data
0x00D3	0x205A      	CALL       _NOKIA_Write_Data
;3310.c,241 :: 		for(char_row=0;char_row<5;char_row++)
0x00D4	0x0AB1      	INCF       NOKIA_Chr_for_NOKIA_out_char_row_L0, 1
;3310.c,255 :: 		}
0x00D5	0x288F      	GOTO       L_NOKIA_Chr_for_NOKIA_out27
L_NOKIA_Chr_for_NOKIA_out28:
;3310.c,256 :: 		NOKIA_write_data(0x00);                        // Her zaman 1 bytelýk son alan boþ olacak
0x00D6	0x01B3      	CLRF       FARG_NOKIA_Write_Data_NOKIA_data
0x00D7	0x205A      	CALL       _NOKIA_Write_Data
;3310.c,257 :: 		}
L_end_NOKIA_Chr_for_NOKIA_out:
0x00D8	0x0008      	RETURN
; end of _NOKIA_Chr_for_NOKIA_out
_NOKIA_Partial_Image:
;3310.c,306 :: 		void NOKIA_Partial_Image(char xNOKIA, char yNOKIA, char xImage, char array_length, const char *image)
;3310.c,308 :: 		char j=0,sayac=0;
0x00D9	0x1283      	BCF        STATUS, 5
0x00DA	0x1303      	BCF        STATUS, 6
0x00DB	0x01AD      	CLRF       NOKIA_Partial_Image_sayac_L0
;3310.c,309 :: 		NOKIA_Goto_xy(xNOKIA,yNOKIA);
0x00DC	0x0827      	MOVF       FARG_NOKIA_Partial_Image_xNOKIA, 0
0x00DD	0x00B3      	MOVWF      FARG_NOKIA_Goto_xy_xNOKIA
0x00DE	0x0828      	MOVF       FARG_NOKIA_Partial_Image_yNOKIA, 0
0x00DF	0x00B4      	MOVWF      FARG_NOKIA_Goto_xy_yNOKIA
0x00E0	0x2029      	CALL       _NOKIA_Goto_xy
;3310.c,310 :: 		for(sayac=0;sayac<array_length;sayac++)
0x00E1	0x01AD      	CLRF       NOKIA_Partial_Image_sayac_L0
L_NOKIA_Partial_Image38:
0x00E2	0x082A      	MOVF       FARG_NOKIA_Partial_Image_array_length, 0
0x00E3	0x022D      	SUBWF      NOKIA_Partial_Image_sayac_L0, 0
0x00E4	0x1803      	BTFSC      STATUS, 0
0x00E5	0x2A0A      	GOTO       L_NOKIA_Partial_Image39
;3310.c,312 :: 		if(sayac > xImage     && sayac < (2*xImage))NOKIA_Goto_xy((XNOKIA+1),(YNOKIA+(sayac-xImage)));
0x00E6	0x082D      	MOVF       NOKIA_Partial_Image_sayac_L0, 0
0x00E7	0x0229      	SUBWF      FARG_NOKIA_Partial_Image_xImage, 0
0x00E8	0x1803      	BTFSC      STATUS, 0
0x00E9	0x2904      	GOTO       L_NOKIA_Partial_Image43
0x00EA	0x0829      	MOVF       FARG_NOKIA_Partial_Image_xImage, 0
0x00EB	0x00F1      	MOVWF      R1
0x00EC	0x01F2      	CLRF       R1+1
0x00ED	0x0DF1      	RLF        R1, 1
0x00EE	0x0DF2      	RLF        R1+1, 1
0x00EF	0x1071      	BCF        R1, 0
0x00F0	0x3080      	MOVLW      128
0x00F1	0x00F0      	MOVWF      R0
0x00F2	0x3080      	MOVLW      128
0x00F3	0x0672      	XORWF      R1+1, 0
0x00F4	0x0270      	SUBWF      R0, 0
0x00F5	0x1D03      	BTFSS      STATUS, 2
0x00F6	0x28F9      	GOTO       L__NOKIA_Partial_Image83
0x00F7	0x0871      	MOVF       R1, 0
0x00F8	0x022D      	SUBWF      NOKIA_Partial_Image_sayac_L0, 0
L__NOKIA_Partial_Image83:
0x00F9	0x1803      	BTFSC      STATUS, 0
0x00FA	0x2904      	GOTO       L_NOKIA_Partial_Image43
L__NOKIA_Partial_Image64:
0x00FB	0x0A27      	INCF       FARG_NOKIA_Partial_Image_xNOKIA, 0
0x00FC	0x00B3      	MOVWF      FARG_NOKIA_Goto_xy_xNOKIA
0x00FD	0x0829      	MOVF       FARG_NOKIA_Partial_Image_xImage, 0
0x00FE	0x022D      	SUBWF      NOKIA_Partial_Image_sayac_L0, 0
0x00FF	0x00F0      	MOVWF      R0
0x0100	0x0870      	MOVF       R0, 0
0x0101	0x0728      	ADDWF      FARG_NOKIA_Partial_Image_yNOKIA, 0
0x0102	0x00B4      	MOVWF      FARG_NOKIA_Goto_xy_yNOKIA
0x0103	0x2029      	CALL       _NOKIA_Goto_xy
L_NOKIA_Partial_Image43:
;3310.c,313 :: 		if(sayac > (2*xImage) && sayac < (3*xImage))NOKIA_Goto_xy((xNOKIA+2),(yNOKIA+(sayac-2*xImage)));
0x0104	0x0829      	MOVF       FARG_NOKIA_Partial_Image_xImage, 0
0x0105	0x00F1      	MOVWF      R1
0x0106	0x01F2      	CLRF       R1+1
0x0107	0x0DF1      	RLF        R1, 1
0x0108	0x0DF2      	RLF        R1+1, 1
0x0109	0x1071      	BCF        R1, 0
0x010A	0x3080      	MOVLW      128
0x010B	0x0672      	XORWF      R1+1, 0
0x010C	0x00F0      	MOVWF      R0
0x010D	0x3080      	MOVLW      128
0x010E	0x0270      	SUBWF      R0, 0
0x010F	0x1D03      	BTFSS      STATUS, 2
0x0110	0x2913      	GOTO       L__NOKIA_Partial_Image84
0x0111	0x082D      	MOVF       NOKIA_Partial_Image_sayac_L0, 0
0x0112	0x0271      	SUBWF      R1, 0
L__NOKIA_Partial_Image84:
0x0113	0x1803      	BTFSC      STATUS, 0
0x0114	0x2933      	GOTO       L_NOKIA_Partial_Image46
0x0115	0x3003      	MOVLW      3
0x0116	0x00F0      	MOVWF      R0
0x0117	0x0829      	MOVF       FARG_NOKIA_Partial_Image_xImage, 0
0x0118	0x00F4      	MOVWF      R4
0x0119	0x2041      	CALL       _Mul_8X8_U
0x011A	0x3080      	MOVLW      128
0x011B	0x00F2      	MOVWF      R2
0x011C	0x3080      	MOVLW      128
0x011D	0x0671      	XORWF      R0+1, 0
0x011E	0x0272      	SUBWF      R2, 0
0x011F	0x1D03      	BTFSS      STATUS, 2
0x0120	0x2923      	GOTO       L__NOKIA_Partial_Image85
0x0121	0x0870      	MOVF       R0, 0
0x0122	0x022D      	SUBWF      NOKIA_Partial_Image_sayac_L0, 0
L__NOKIA_Partial_Image85:
0x0123	0x1803      	BTFSC      STATUS, 0
0x0124	0x2933      	GOTO       L_NOKIA_Partial_Image46
L__NOKIA_Partial_Image63:
0x0125	0x3002      	MOVLW      2
0x0126	0x0727      	ADDWF      FARG_NOKIA_Partial_Image_xNOKIA, 0
0x0127	0x00B3      	MOVWF      FARG_NOKIA_Goto_xy_xNOKIA
0x0128	0x0829      	MOVF       FARG_NOKIA_Partial_Image_xImage, 0
0x0129	0x00F0      	MOVWF      R0
0x012A	0x0DF0      	RLF        R0, 1
0x012B	0x1070      	BCF        R0, 0
0x012C	0x0870      	MOVF       R0, 0
0x012D	0x022D      	SUBWF      NOKIA_Partial_Image_sayac_L0, 0
0x012E	0x00F0      	MOVWF      R0
0x012F	0x0870      	MOVF       R0, 0
0x0130	0x0728      	ADDWF      FARG_NOKIA_Partial_Image_yNOKIA, 0
0x0131	0x00B4      	MOVWF      FARG_NOKIA_Goto_xy_yNOKIA
0x0132	0x2029      	CALL       _NOKIA_Goto_xy
L_NOKIA_Partial_Image46:
;3310.c,314 :: 		if(sayac > (3*xImage) && sayac < (4*xImage))NOKIA_Goto_xy((xNOKIA+3),(yNOKIA+(sayac-3*xImage)));
0x0133	0x3003      	MOVLW      3
0x0134	0x00F0      	MOVWF      R0
0x0135	0x0829      	MOVF       FARG_NOKIA_Partial_Image_xImage, 0
0x0136	0x00F4      	MOVWF      R4
0x0137	0x2041      	CALL       _Mul_8X8_U
0x0138	0x3080      	MOVLW      128
0x0139	0x0671      	XORWF      R0+1, 0
0x013A	0x00F2      	MOVWF      R2
0x013B	0x3080      	MOVLW      128
0x013C	0x0272      	SUBWF      R2, 0
0x013D	0x1D03      	BTFSS      STATUS, 2
0x013E	0x2941      	GOTO       L__NOKIA_Partial_Image86
0x013F	0x082D      	MOVF       NOKIA_Partial_Image_sayac_L0, 0
0x0140	0x0270      	SUBWF      R0, 0
L__NOKIA_Partial_Image86:
0x0141	0x1803      	BTFSC      STATUS, 0
0x0142	0x2966      	GOTO       L_NOKIA_Partial_Image49
0x0143	0x0829      	MOVF       FARG_NOKIA_Partial_Image_xImage, 0
0x0144	0x00F1      	MOVWF      R1
0x0145	0x01F2      	CLRF       R1+1
0x0146	0x0DF1      	RLF        R1, 1
0x0147	0x0DF2      	RLF        R1+1, 1
0x0148	0x1071      	BCF        R1, 0
0x0149	0x0DF1      	RLF        R1, 1
0x014A	0x0DF2      	RLF        R1+1, 1
0x014B	0x1071      	BCF        R1, 0
0x014C	0x3080      	MOVLW      128
0x014D	0x00F0      	MOVWF      R0
0x014E	0x3080      	MOVLW      128
0x014F	0x0672      	XORWF      R1+1, 0
0x0150	0x0270      	SUBWF      R0, 0
0x0151	0x1D03      	BTFSS      STATUS, 2
0x0152	0x2955      	GOTO       L__NOKIA_Partial_Image87
0x0153	0x0871      	MOVF       R1, 0
0x0154	0x022D      	SUBWF      NOKIA_Partial_Image_sayac_L0, 0
L__NOKIA_Partial_Image87:
0x0155	0x1803      	BTFSC      STATUS, 0
0x0156	0x2966      	GOTO       L_NOKIA_Partial_Image49
L__NOKIA_Partial_Image62:
0x0157	0x3003      	MOVLW      3
0x0158	0x0727      	ADDWF      FARG_NOKIA_Partial_Image_xNOKIA, 0
0x0159	0x00B3      	MOVWF      FARG_NOKIA_Goto_xy_xNOKIA
0x015A	0x3003      	MOVLW      3
0x015B	0x00F0      	MOVWF      R0
0x015C	0x0829      	MOVF       FARG_NOKIA_Partial_Image_xImage, 0
0x015D	0x00F4      	MOVWF      R4
0x015E	0x2041      	CALL       _Mul_8X8_U
0x015F	0x0870      	MOVF       R0, 0
0x0160	0x022D      	SUBWF      NOKIA_Partial_Image_sayac_L0, 0
0x0161	0x00F0      	MOVWF      R0
0x0162	0x0870      	MOVF       R0, 0
0x0163	0x0728      	ADDWF      FARG_NOKIA_Partial_Image_yNOKIA, 0
0x0164	0x00B4      	MOVWF      FARG_NOKIA_Goto_xy_yNOKIA
0x0165	0x2029      	CALL       _NOKIA_Goto_xy
L_NOKIA_Partial_Image49:
;3310.c,315 :: 		if(sayac > (4*xImage) && sayac < (5*xImage))NOKIA_Goto_xy((xNOKIA+4),(yNOKIA+(sayac-4*xImage)));
0x0166	0x0829      	MOVF       FARG_NOKIA_Partial_Image_xImage, 0
0x0167	0x00F1      	MOVWF      R1
0x0168	0x01F2      	CLRF       R1+1
0x0169	0x0DF1      	RLF        R1, 1
0x016A	0x0DF2      	RLF        R1+1, 1
0x016B	0x1071      	BCF        R1, 0
0x016C	0x0DF1      	RLF        R1, 1
0x016D	0x0DF2      	RLF        R1+1, 1
0x016E	0x1071      	BCF        R1, 0
0x016F	0x3080      	MOVLW      128
0x0170	0x0672      	XORWF      R1+1, 0
0x0171	0x00F0      	MOVWF      R0
0x0172	0x3080      	MOVLW      128
0x0173	0x0270      	SUBWF      R0, 0
0x0174	0x1D03      	BTFSS      STATUS, 2
0x0175	0x2978      	GOTO       L__NOKIA_Partial_Image88
0x0176	0x082D      	MOVF       NOKIA_Partial_Image_sayac_L0, 0
0x0177	0x0271      	SUBWF      R1, 0
L__NOKIA_Partial_Image88:
0x0178	0x1803      	BTFSC      STATUS, 0
0x0179	0x299A      	GOTO       L_NOKIA_Partial_Image52
0x017A	0x3005      	MOVLW      5
0x017B	0x00F0      	MOVWF      R0
0x017C	0x0829      	MOVF       FARG_NOKIA_Partial_Image_xImage, 0
0x017D	0x00F4      	MOVWF      R4
0x017E	0x2041      	CALL       _Mul_8X8_U
0x017F	0x3080      	MOVLW      128
0x0180	0x00F2      	MOVWF      R2
0x0181	0x3080      	MOVLW      128
0x0182	0x0671      	XORWF      R0+1, 0
0x0183	0x0272      	SUBWF      R2, 0
0x0184	0x1D03      	BTFSS      STATUS, 2
0x0185	0x2988      	GOTO       L__NOKIA_Partial_Image89
0x0186	0x0870      	MOVF       R0, 0
0x0187	0x022D      	SUBWF      NOKIA_Partial_Image_sayac_L0, 0
L__NOKIA_Partial_Image89:
0x0188	0x1803      	BTFSC      STATUS, 0
0x0189	0x299A      	GOTO       L_NOKIA_Partial_Image52
L__NOKIA_Partial_Image61:
0x018A	0x3004      	MOVLW      4
0x018B	0x0727      	ADDWF      FARG_NOKIA_Partial_Image_xNOKIA, 0
0x018C	0x00B3      	MOVWF      FARG_NOKIA_Goto_xy_xNOKIA
0x018D	0x0829      	MOVF       FARG_NOKIA_Partial_Image_xImage, 0
0x018E	0x00F0      	MOVWF      R0
0x018F	0x0DF0      	RLF        R0, 1
0x0190	0x1070      	BCF        R0, 0
0x0191	0x0DF0      	RLF        R0, 1
0x0192	0x1070      	BCF        R0, 0
0x0193	0x0870      	MOVF       R0, 0
0x0194	0x022D      	SUBWF      NOKIA_Partial_Image_sayac_L0, 0
0x0195	0x00F0      	MOVWF      R0
0x0196	0x0870      	MOVF       R0, 0
0x0197	0x0728      	ADDWF      FARG_NOKIA_Partial_Image_yNOKIA, 0
0x0198	0x00B4      	MOVWF      FARG_NOKIA_Goto_xy_yNOKIA
0x0199	0x2029      	CALL       _NOKIA_Goto_xy
L_NOKIA_Partial_Image52:
;3310.c,316 :: 		if(sayac > (5*xImage) && sayac < (6*xImage))NOKIA_Goto_xy((xNOKIA+5),(yNOKIA+(sayac-5*xImage)));
0x019A	0x3005      	MOVLW      5
0x019B	0x00F0      	MOVWF      R0
0x019C	0x0829      	MOVF       FARG_NOKIA_Partial_Image_xImage, 0
0x019D	0x00F4      	MOVWF      R4
0x019E	0x2041      	CALL       _Mul_8X8_U
0x019F	0x3080      	MOVLW      128
0x01A0	0x0671      	XORWF      R0+1, 0
0x01A1	0x00F2      	MOVWF      R2
0x01A2	0x3080      	MOVLW      128
0x01A3	0x0272      	SUBWF      R2, 0
0x01A4	0x1D03      	BTFSS      STATUS, 2
0x01A5	0x29A8      	GOTO       L__NOKIA_Partial_Image90
0x01A6	0x082D      	MOVF       NOKIA_Partial_Image_sayac_L0, 0
0x01A7	0x0270      	SUBWF      R0, 0
L__NOKIA_Partial_Image90:
0x01A8	0x1803      	BTFSC      STATUS, 0
0x01A9	0x29C9      	GOTO       L_NOKIA_Partial_Image55
0x01AA	0x3006      	MOVLW      6
0x01AB	0x00F0      	MOVWF      R0
0x01AC	0x0829      	MOVF       FARG_NOKIA_Partial_Image_xImage, 0
0x01AD	0x00F4      	MOVWF      R4
0x01AE	0x2041      	CALL       _Mul_8X8_U
0x01AF	0x3080      	MOVLW      128
0x01B0	0x00F2      	MOVWF      R2
0x01B1	0x3080      	MOVLW      128
0x01B2	0x0671      	XORWF      R0+1, 0
0x01B3	0x0272      	SUBWF      R2, 0
0x01B4	0x1D03      	BTFSS      STATUS, 2
0x01B5	0x29B8      	GOTO       L__NOKIA_Partial_Image91
0x01B6	0x0870      	MOVF       R0, 0
0x01B7	0x022D      	SUBWF      NOKIA_Partial_Image_sayac_L0, 0
L__NOKIA_Partial_Image91:
0x01B8	0x1803      	BTFSC      STATUS, 0
0x01B9	0x29C9      	GOTO       L_NOKIA_Partial_Image55
L__NOKIA_Partial_Image60:
0x01BA	0x3005      	MOVLW      5
0x01BB	0x0727      	ADDWF      FARG_NOKIA_Partial_Image_xNOKIA, 0
0x01BC	0x00B3      	MOVWF      FARG_NOKIA_Goto_xy_xNOKIA
0x01BD	0x3005      	MOVLW      5
0x01BE	0x00F0      	MOVWF      R0
0x01BF	0x0829      	MOVF       FARG_NOKIA_Partial_Image_xImage, 0
0x01C0	0x00F4      	MOVWF      R4
0x01C1	0x2041      	CALL       _Mul_8X8_U
0x01C2	0x0870      	MOVF       R0, 0
0x01C3	0x022D      	SUBWF      NOKIA_Partial_Image_sayac_L0, 0
0x01C4	0x00F0      	MOVWF      R0
0x01C5	0x0870      	MOVF       R0, 0
0x01C6	0x0728      	ADDWF      FARG_NOKIA_Partial_Image_yNOKIA, 0
0x01C7	0x00B4      	MOVWF      FARG_NOKIA_Goto_xy_yNOKIA
0x01C8	0x2029      	CALL       _NOKIA_Goto_xy
L_NOKIA_Partial_Image55:
;3310.c,317 :: 		if(sayac > (6*xImage) && sayac < (7*xImage))NOKIA_Goto_xy((xNOKIA+6),(yNOKIA+(sayac-6*xImage)));
0x01C9	0x3006      	MOVLW      6
0x01CA	0x00F0      	MOVWF      R0
0x01CB	0x0829      	MOVF       FARG_NOKIA_Partial_Image_xImage, 0
0x01CC	0x00F4      	MOVWF      R4
0x01CD	0x2041      	CALL       _Mul_8X8_U
0x01CE	0x3080      	MOVLW      128
0x01CF	0x0671      	XORWF      R0+1, 0
0x01D0	0x00F2      	MOVWF      R2
0x01D1	0x3080      	MOVLW      128
0x01D2	0x0272      	SUBWF      R2, 0
0x01D3	0x1D03      	BTFSS      STATUS, 2
0x01D4	0x29D7      	GOTO       L__NOKIA_Partial_Image92
0x01D5	0x082D      	MOVF       NOKIA_Partial_Image_sayac_L0, 0
0x01D6	0x0270      	SUBWF      R0, 0
L__NOKIA_Partial_Image92:
0x01D7	0x1803      	BTFSC      STATUS, 0
0x01D8	0x29F8      	GOTO       L_NOKIA_Partial_Image58
0x01D9	0x3007      	MOVLW      7
0x01DA	0x00F0      	MOVWF      R0
0x01DB	0x0829      	MOVF       FARG_NOKIA_Partial_Image_xImage, 0
0x01DC	0x00F4      	MOVWF      R4
0x01DD	0x2041      	CALL       _Mul_8X8_U
0x01DE	0x3080      	MOVLW      128
0x01DF	0x00F2      	MOVWF      R2
0x01E0	0x3080      	MOVLW      128
0x01E1	0x0671      	XORWF      R0+1, 0
0x01E2	0x0272      	SUBWF      R2, 0
0x01E3	0x1D03      	BTFSS      STATUS, 2
0x01E4	0x29E7      	GOTO       L__NOKIA_Partial_Image93
0x01E5	0x0870      	MOVF       R0, 0
0x01E6	0x022D      	SUBWF      NOKIA_Partial_Image_sayac_L0, 0
L__NOKIA_Partial_Image93:
0x01E7	0x1803      	BTFSC      STATUS, 0
0x01E8	0x29F8      	GOTO       L_NOKIA_Partial_Image58
L__NOKIA_Partial_Image59:
0x01E9	0x3006      	MOVLW      6
0x01EA	0x0727      	ADDWF      FARG_NOKIA_Partial_Image_xNOKIA, 0
0x01EB	0x00B3      	MOVWF      FARG_NOKIA_Goto_xy_xNOKIA
0x01EC	0x3006      	MOVLW      6
0x01ED	0x00F0      	MOVWF      R0
0x01EE	0x0829      	MOVF       FARG_NOKIA_Partial_Image_xImage, 0
0x01EF	0x00F4      	MOVWF      R4
0x01F0	0x2041      	CALL       _Mul_8X8_U
0x01F1	0x0870      	MOVF       R0, 0
0x01F2	0x022D      	SUBWF      NOKIA_Partial_Image_sayac_L0, 0
0x01F3	0x00F0      	MOVWF      R0
0x01F4	0x0870      	MOVF       R0, 0
0x01F5	0x0728      	ADDWF      FARG_NOKIA_Partial_Image_yNOKIA, 0
0x01F6	0x00B4      	MOVWF      FARG_NOKIA_Goto_xy_yNOKIA
0x01F7	0x2029      	CALL       _NOKIA_Goto_xy
L_NOKIA_Partial_Image58:
;3310.c,318 :: 		NOKIA_Write_Data(image[sayac]);
0x01F8	0x082D      	MOVF       NOKIA_Partial_Image_sayac_L0, 0
0x01F9	0x072B      	ADDWF      FARG_NOKIA_Partial_Image_image, 0
0x01FA	0x00F0      	MOVWF      R0
0x01FB	0x082C      	MOVF       FARG_NOKIA_Partial_Image_image+1, 0
0x01FC	0x1803      	BTFSC      STATUS, 0
0x01FD	0x3E01      	ADDLW      1
0x01FE	0x00F1      	MOVWF      R0+1
0x01FF	0x0870      	MOVF       R0, 0
0x0200	0x00A0      	MOVWF      ___DoICPAddr
0x0201	0x0871      	MOVF       R0+1, 0
0x0202	0x00A1      	MOVWF      ___DoICPAddr+1
0x0203	0x203A      	CALL       _____DoICP
0x0204	0x118A      	BCF        PCLATH, 3
0x0205	0x120A      	BCF        PCLATH, 4
0x0206	0x00B3      	MOVWF      FARG_NOKIA_Write_Data_NOKIA_data
0x0207	0x205A      	CALL       _NOKIA_Write_Data
;3310.c,310 :: 		for(sayac=0;sayac<array_length;sayac++)
0x0208	0x0AAD      	INCF       NOKIA_Partial_Image_sayac_L0, 1
;3310.c,319 :: 		}
0x0209	0x28E2      	GOTO       L_NOKIA_Partial_Image38
L_NOKIA_Partial_Image39:
;3310.c,321 :: 		}
L_end_NOKIA_Partial_Image:
0x020A	0x0008      	RETURN
; end of _NOKIA_Partial_Image
_NOKIA_Chr:
;3310.c,204 :: 		void NOKIA_Chr(char xNOKIA,char yNOKIA, char charsel)                        // ASCII tablosunu kullanarak yazý yazdýrmaya yarayan fonksiyon
;3310.c,207 :: 		if(xNOKIA>0) xNOKIA-=1;
0x020B	0x1283      	BCF        STATUS, 5
0x020C	0x1303      	BCF        STATUS, 6
0x020D	0x0827      	MOVF       FARG_NOKIA_Chr_xNOKIA, 0
0x020E	0x3C00      	SUBLW      0
0x020F	0x1803      	BTFSC      STATUS, 0
0x0210	0x2A12      	GOTO       L_NOKIA_Chr16
0x0211	0x03A7      	DECF       FARG_NOKIA_Chr_xNOKIA, 1
L_NOKIA_Chr16:
;3310.c,208 :: 		if(yNOKIA>0) yNOKIA-=1;
0x0212	0x0828      	MOVF       FARG_NOKIA_Chr_yNOKIA, 0
0x0213	0x3C00      	SUBLW      0
0x0214	0x1803      	BTFSC      STATUS, 0
0x0215	0x2A17      	GOTO       L_NOKIA_Chr17
0x0216	0x03A8      	DECF       FARG_NOKIA_Chr_yNOKIA, 1
L_NOKIA_Chr17:
;3310.c,209 :: 		yNOKIA*=6;
0x0217	0x0828      	MOVF       FARG_NOKIA_Chr_yNOKIA, 0
0x0218	0x00F0      	MOVWF      R0
0x0219	0x3006      	MOVLW      6
0x021A	0x00F4      	MOVWF      R4
0x021B	0x2041      	CALL       _Mul_8X8_U
0x021C	0x0870      	MOVF       R0, 0
0x021D	0x00A8      	MOVWF      FARG_NOKIA_Chr_yNOKIA
;3310.c,210 :: 		NOKIA_Goto_xy(xNOKIA,yNOKIA);
0x021E	0x0827      	MOVF       FARG_NOKIA_Chr_xNOKIA, 0
0x021F	0x00B3      	MOVWF      FARG_NOKIA_Goto_xy_xNOKIA
0x0220	0x0870      	MOVF       R0, 0
0x0221	0x00B4      	MOVWF      FARG_NOKIA_Goto_xy_yNOKIA
0x0222	0x2029      	CALL       _NOKIA_Goto_xy
;3310.c,212 :: 		if (charsel<0x20) return;
0x0223	0x3020      	MOVLW      32
0x0224	0x0229      	SUBWF      FARG_NOKIA_Chr_charsel, 0
0x0225	0x1803      	BTFSC      STATUS, 0
0x0226	0x2A28      	GOTO       L_NOKIA_Chr18
0x0227	0x2A77      	GOTO       L_end_NOKIA_Chr
L_NOKIA_Chr18:
;3310.c,213 :: 		if (charsel>0x7f) return;
0x0228	0x0829      	MOVF       FARG_NOKIA_Chr_charsel, 0
0x0229	0x3C7F      	SUBLW      127
0x022A	0x1803      	BTFSC      STATUS, 0
0x022B	0x2A2D      	GOTO       L_NOKIA_Chr19
0x022C	0x2A77      	GOTO       L_end_NOKIA_Chr
L_NOKIA_Chr19:
;3310.c,215 :: 		for(char_row=0;char_row<5;char_row++)
0x022D	0x01AA      	CLRF       NOKIA_Chr_char_row_L0
L_NOKIA_Chr20:
0x022E	0x3005      	MOVLW      5
0x022F	0x022A      	SUBWF      NOKIA_Chr_char_row_L0, 0
0x0230	0x1803      	BTFSC      STATUS, 0
0x0231	0x2A75      	GOTO       L_NOKIA_Chr21
;3310.c,217 :: 		if(charsel<0x50)                // Seçilen karekterin ASCII kodu 50h'tan ufaksa
0x0232	0x3050      	MOVLW      80
0x0233	0x0229      	SUBWF      FARG_NOKIA_Chr_charsel, 0
0x0234	0x1803      	BTFSC      STATUS, 0
0x0235	0x2A51      	GOTO       L_NOKIA_Chr23
;3310.c,219 :: 		charpos=(((charsel&0xff)-0x20)*5);
0x0236	0x30FF      	MOVLW      255
0x0237	0x0529      	ANDWF      FARG_NOKIA_Chr_charsel, 0
0x0238	0x00F0      	MOVWF      R0
0x0239	0x3020      	MOVLW      32
0x023A	0x02F0      	SUBWF      R0, 1
0x023B	0x3005      	MOVLW      5
0x023C	0x00F4      	MOVWF      R4
0x023D	0x2041      	CALL       _Mul_8X8_U
;3310.c,220 :: 		chardata=tablo1[(charpos+char_row)];
0x023E	0x082A      	MOVF       NOKIA_Chr_char_row_L0, 0
0x023F	0x07F0      	ADDWF      R0, 1
0x0240	0x01F1      	CLRF       R0+1
0x0241	0x1803      	BTFSC      STATUS, 0
0x0242	0x0AF1      	INCF       R0+1, 1
0x0243	0x30BA      	MOVLW      _tablo1
0x0244	0x07F0      	ADDWF      R0, 1
0x0245	0x3006      	MOVLW      hi_addr(_tablo1)
0x0246	0x1803      	BTFSC      STATUS, 0
0x0247	0x3E01      	ADDLW      1
0x0248	0x07F1      	ADDWF      R0+1, 1
0x0249	0x0870      	MOVF       R0, 0
0x024A	0x00A0      	MOVWF      ___DoICPAddr
0x024B	0x0871      	MOVF       R0+1, 0
0x024C	0x00A1      	MOVWF      ___DoICPAddr+1
0x024D	0x203A      	CALL       _____DoICP
0x024E	0x118A      	BCF        PCLATH, 3
0x024F	0x120A      	BCF        PCLATH, 4
0x0250	0x00AB      	MOVWF      NOKIA_Chr_chardata_L0
;3310.c,221 :: 		}
L_NOKIA_Chr23:
;3310.c,222 :: 		if(charsel>0x4f)                // Seçilen karekterin ASCII kodu 50h'tan büyükse
0x0251	0x0829      	MOVF       FARG_NOKIA_Chr_charsel, 0
0x0252	0x3C4F      	SUBLW      79
0x0253	0x1803      	BTFSC      STATUS, 0
0x0254	0x2A70      	GOTO       L_NOKIA_Chr24
;3310.c,224 :: 		charpos=(((charsel&0xff)-0x50)*5);
0x0255	0x30FF      	MOVLW      255
0x0256	0x0529      	ANDWF      FARG_NOKIA_Chr_charsel, 0
0x0257	0x00F0      	MOVWF      R0
0x0258	0x3050      	MOVLW      80
0x0259	0x02F0      	SUBWF      R0, 1
0x025A	0x3005      	MOVLW      5
0x025B	0x00F4      	MOVWF      R4
0x025C	0x2041      	CALL       _Mul_8X8_U
;3310.c,225 :: 		chardata=tablo2[(charpos+char_row)];
0x025D	0x082A      	MOVF       NOKIA_Chr_char_row_L0, 0
0x025E	0x07F0      	ADDWF      R0, 1
0x025F	0x01F1      	CLRF       R0+1
0x0260	0x1803      	BTFSC      STATUS, 0
0x0261	0x0AF1      	INCF       R0+1, 1
0x0262	0x30C9      	MOVLW      _tablo2
0x0263	0x07F0      	ADDWF      R0, 1
0x0264	0x3005      	MOVLW      hi_addr(_tablo2)
0x0265	0x1803      	BTFSC      STATUS, 0
0x0266	0x3E01      	ADDLW      1
0x0267	0x07F1      	ADDWF      R0+1, 1
0x0268	0x0870      	MOVF       R0, 0
0x0269	0x00A0      	MOVWF      ___DoICPAddr
0x026A	0x0871      	MOVF       R0+1, 0
0x026B	0x00A1      	MOVWF      ___DoICPAddr+1
0x026C	0x203A      	CALL       _____DoICP
0x026D	0x118A      	BCF        PCLATH, 3
0x026E	0x120A      	BCF        PCLATH, 4
0x026F	0x00AB      	MOVWF      NOKIA_Chr_chardata_L0
;3310.c,226 :: 		}
L_NOKIA_Chr24:
;3310.c,228 :: 		NOKIA_write_data(chardata);        // Datayý gönder
0x0270	0x082B      	MOVF       NOKIA_Chr_chardata_L0, 0
0x0271	0x00B3      	MOVWF      FARG_NOKIA_Write_Data_NOKIA_data
0x0272	0x205A      	CALL       _NOKIA_Write_Data
;3310.c,215 :: 		for(char_row=0;char_row<5;char_row++)
0x0273	0x0AAA      	INCF       NOKIA_Chr_char_row_L0, 1
;3310.c,229 :: 		}
0x0274	0x2A2E      	GOTO       L_NOKIA_Chr20
L_NOKIA_Chr21:
;3310.c,230 :: 		NOKIA_write_data(0x00);                        // Her zaman 1 bytelýk son alan boþ olacak
0x0275	0x01B3      	CLRF       FARG_NOKIA_Write_Data_NOKIA_data
0x0276	0x205A      	CALL       _NOKIA_Write_Data
;3310.c,231 :: 		}
L_end_NOKIA_Chr:
0x0277	0x0008      	RETURN
; end of _NOKIA_Chr
_NOKIA_Out:
;3310.c,272 :: 		void NOKIA_Out(char xNOKIA,char yNOKIA, const char *s)
;3310.c,274 :: 		if(xNOKIA>0) xNOKIA-=1;
0x0278	0x1283      	BCF        STATUS, 5
0x0279	0x1303      	BCF        STATUS, 6
0x027A	0x0827      	MOVF       FARG_NOKIA_Out_xNOKIA, 0
0x027B	0x3C00      	SUBLW      0
0x027C	0x1803      	BTFSC      STATUS, 0
0x027D	0x2A7F      	GOTO       L_NOKIA_Out32
0x027E	0x03A7      	DECF       FARG_NOKIA_Out_xNOKIA, 1
L_NOKIA_Out32:
;3310.c,275 :: 		if(yNOKIA>0) yNOKIA-=1;
0x027F	0x0828      	MOVF       FARG_NOKIA_Out_yNOKIA, 0
0x0280	0x3C00      	SUBLW      0
0x0281	0x1803      	BTFSC      STATUS, 0
0x0282	0x2A84      	GOTO       L_NOKIA_Out33
0x0283	0x03A8      	DECF       FARG_NOKIA_Out_yNOKIA, 1
L_NOKIA_Out33:
;3310.c,276 :: 		NOKIA_Goto_xy(xNOKIA,  yNOKIA);
0x0284	0x0827      	MOVF       FARG_NOKIA_Out_xNOKIA, 0
0x0285	0x00B3      	MOVWF      FARG_NOKIA_Goto_xy_xNOKIA
0x0286	0x0828      	MOVF       FARG_NOKIA_Out_yNOKIA, 0
0x0287	0x00B4      	MOVWF      FARG_NOKIA_Goto_xy_yNOKIA
0x0288	0x2029      	CALL       _NOKIA_Goto_xy
;3310.c,277 :: 		yNOKIA*=6;
0x0289	0x0828      	MOVF       FARG_NOKIA_Out_yNOKIA, 0
0x028A	0x00F0      	MOVWF      R0
0x028B	0x3006      	MOVLW      6
0x028C	0x00F4      	MOVWF      R4
0x028D	0x2041      	CALL       _Mul_8X8_U
0x028E	0x0870      	MOVF       R0, 0
0x028F	0x00A8      	MOVWF      FARG_NOKIA_Out_yNOKIA
;3310.c,278 :: 		while(*s)
L_NOKIA_Out34:
0x0290	0x0829      	MOVF       FARG_NOKIA_Out_s, 0
0x0291	0x00A0      	MOVWF      ___DoICPAddr
0x0292	0x082A      	MOVF       FARG_NOKIA_Out_s+1, 0
0x0293	0x00A1      	MOVWF      ___DoICPAddr+1
0x0294	0x203A      	CALL       _____DoICP
0x0295	0x118A      	BCF        PCLATH, 3
0x0296	0x120A      	BCF        PCLATH, 4
0x0297	0x00F0      	MOVWF      R0
0x0298	0x0870      	MOVF       R0, 0
0x0299	0x1903      	BTFSC      STATUS, 2
0x029A	0x2AAE      	GOTO       L_NOKIA_Out35
;3310.c,280 :: 		NOKIA_Chr_for_NOKIA_out( xNOKIA , yNOKIA, *s++);
0x029B	0x0827      	MOVF       FARG_NOKIA_Out_xNOKIA, 0
0x029C	0x00AE      	MOVWF      FARG_NOKIA_Chr_for_NOKIA_out_xNOKIA
0x029D	0x0828      	MOVF       FARG_NOKIA_Out_yNOKIA, 0
0x029E	0x00AF      	MOVWF      FARG_NOKIA_Chr_for_NOKIA_out_yNOKIA
0x029F	0x0829      	MOVF       FARG_NOKIA_Out_s, 0
0x02A0	0x00A0      	MOVWF      ___DoICPAddr
0x02A1	0x082A      	MOVF       FARG_NOKIA_Out_s+1, 0
0x02A2	0x00A1      	MOVWF      ___DoICPAddr+1
0x02A3	0x203A      	CALL       _____DoICP
0x02A4	0x118A      	BCF        PCLATH, 3
0x02A5	0x120A      	BCF        PCLATH, 4
0x02A6	0x00B0      	MOVWF      FARG_NOKIA_Chr_for_NOKIA_out_charsel
0x02A7	0x207D      	CALL       _NOKIA_Chr_for_NOKIA_out
0x02A8	0x0AA9      	INCF       FARG_NOKIA_Out_s, 1
0x02A9	0x1903      	BTFSC      STATUS, 2
0x02AA	0x0AAA      	INCF       FARG_NOKIA_Out_s+1, 1
;3310.c,281 :: 		yNOKIA+=6;
0x02AB	0x3006      	MOVLW      6
0x02AC	0x07A8      	ADDWF      FARG_NOKIA_Out_yNOKIA, 1
;3310.c,282 :: 		}
0x02AD	0x2A90      	GOTO       L_NOKIA_Out34
L_NOKIA_Out35:
;3310.c,284 :: 		}
L_end_NOKIA_Out:
0x02AE	0x0008      	RETURN
; end of _NOKIA_Out
_NOKIA_Init:
;3310.c,169 :: 		void NOKIA_Init(void)
;3310.c,171 :: 		nok_res_dir =0;
0x02AF	0x1683      	BSF        STATUS, 5
0x02B0	0x1303      	BCF        STATUS, 6
0x02B1	0x1186      	BCF        nok_res_dir, BitPos(nok_res_dir+0)
;3310.c,172 :: 		nok_sce_dir =0;
0x02B2	0x1206      	BCF        nok_sce_dir, BitPos(nok_sce_dir+0)
;3310.c,173 :: 		nok_dc_dir  =0;
0x02B3	0x1286      	BCF        nok_dc_dir, BitPos(nok_dc_dir+0)
;3310.c,174 :: 		nok_sdin_dir=0;
0x02B4	0x1306      	BCF        nok_sdin_dir, BitPos(nok_sdin_dir+0)
;3310.c,175 :: 		nok_sclk_dir=0;
0x02B5	0x1386      	BCF        nok_sclk_dir, BitPos(nok_sclk_dir+0)
;3310.c,177 :: 		nok_dc=1;                        // Bilgiler DDRAM'de tutuluyor, Address counter ise otomatik artacak
0x02B6	0x1283      	BCF        STATUS, 5
0x02B7	0x1686      	BSF        nok_dc, BitPos(nok_dc+0)
;3310.c,178 :: 		nok_sce=1;                        // Chip pasif
0x02B8	0x1606      	BSF        nok_sce, BitPos(nok_sce+0)
;3310.c,179 :: 		Delay_Us(200);
0x02B9	0x3042      	MOVLW      66
0x02BA	0x00FD      	MOVWF      R13
L_NOKIA_Init11:
0x02BB	0x0BFD      	DECFSZ     R13, 1
0x02BC	0x2ABB      	GOTO       L_NOKIA_Init11
0x02BD	0x0000      	NOP
;3310.c,181 :: 		nok_res=0;                        //Baþlangýçta res=0 olmak zoruna, aksi halde LCD'ye zarar gelebilir
0x02BE	0x1186      	BCF        nok_res, BitPos(nok_res+0)
;3310.c,182 :: 		Delay_Ms(10);
0x02BF	0x300D      	MOVLW      13
0x02C0	0x00FC      	MOVWF      R12
0x02C1	0x30FB      	MOVLW      251
0x02C2	0x00FD      	MOVWF      R13
L_NOKIA_Init12:
0x02C3	0x0BFD      	DECFSZ     R13, 1
0x02C4	0x2AC3      	GOTO       L_NOKIA_Init12
0x02C5	0x0BFC      	DECFSZ     R12, 1
0x02C6	0x2AC3      	GOTO       L_NOKIA_Init12
0x02C7	0x0000      	NOP
0x02C8	0x0000      	NOP
;3310.c,183 :: 		nok_res=1;
0x02C9	0x1586      	BSF        nok_res, BitPos(nok_res+0)
;3310.c,185 :: 		NOKIA_write_command(0x21);        // LCD'ye komut yazýlýyor.
0x02CA	0x3021      	MOVLW      33
0x02CB	0x00B5      	MOVWF      FARG_NOKIA_Write_Command_NOKIA_command
0x02CC	0x2020      	CALL       _NOKIA_Write_Command
;3310.c,186 :: 		NOKIA_write_command(0xC8);        // Vop  V: 0xC8 (for 3V)
0x02CD	0x30C8      	MOVLW      200
0x02CE	0x00B5      	MOVWF      FARG_NOKIA_Write_Command_NOKIA_command
0x02CF	0x2020      	CALL       _NOKIA_Write_Command
;3310.c,187 :: 		NOKIA_write_command(0x13);        // LCD (1:48) modunda (bias)
0x02D0	0x3013      	MOVLW      19
0x02D1	0x00B5      	MOVWF      FARG_NOKIA_Write_Command_NOKIA_command
0x02D2	0x2020      	CALL       _NOKIA_Write_Command
;3310.c,188 :: 		NOKIA_write_command(0x20);        // Soldan saða x birer artýrýlarak yazýlýyor
0x02D3	0x3020      	MOVLW      32
0x02D4	0x00B5      	MOVWF      FARG_NOKIA_Write_Command_NOKIA_command
0x02D5	0x2020      	CALL       _NOKIA_Write_Command
;3310.c,190 :: 		NOKIA_write_command(0x09);        // Displayi aktif hale getir
0x02D6	0x3009      	MOVLW      9
0x02D7	0x00B5      	MOVWF      FARG_NOKIA_Write_Command_NOKIA_command
0x02D8	0x2020      	CALL       _NOKIA_Write_Command
;3310.c,191 :: 		Delay_Ms(50);
0x02D9	0x3041      	MOVLW      65
0x02DA	0x00FC      	MOVWF      R12
0x02DB	0x30EE      	MOVLW      238
0x02DC	0x00FD      	MOVWF      R13
L_NOKIA_Init13:
0x02DD	0x0BFD      	DECFSZ     R13, 1
0x02DE	0x2ADD      	GOTO       L_NOKIA_Init13
0x02DF	0x0BFC      	DECFSZ     R12, 1
0x02E0	0x2ADD      	GOTO       L_NOKIA_Init13
0x02E1	0x0000      	NOP
;3310.c,193 :: 		NOKIA_clear();                // DDRAM temizleniyor, aksi halde eski yazýlmýþ karekterlerle karýþtýrýlabilinir
0x02E2	0x2063      	CALL       _NOKIA_Clear
;3310.c,194 :: 		Delay_Ms(10);
0x02E3	0x300D      	MOVLW      13
0x02E4	0x00FC      	MOVWF      R12
0x02E5	0x30FB      	MOVLW      251
0x02E6	0x00FD      	MOVWF      R13
L_NOKIA_Init14:
0x02E7	0x0BFD      	DECFSZ     R13, 1
0x02E8	0x2AE7      	GOTO       L_NOKIA_Init14
0x02E9	0x0BFC      	DECFSZ     R12, 1
0x02EA	0x2AE7      	GOTO       L_NOKIA_Init14
0x02EB	0x0000      	NOP
0x02EC	0x0000      	NOP
;3310.c,196 :: 		NOKIA_write_command(0x08);        // Display temizleniyor
0x02ED	0x3008      	MOVLW      8
0x02EE	0x00B5      	MOVWF      FARG_NOKIA_Write_Command_NOKIA_command
0x02EF	0x2020      	CALL       _NOKIA_Write_Command
;3310.c,197 :: 		Delay_Ms(10);
0x02F0	0x300D      	MOVLW      13
0x02F1	0x00FC      	MOVWF      R12
0x02F2	0x30FB      	MOVLW      251
0x02F3	0x00FD      	MOVWF      R13
L_NOKIA_Init15:
0x02F4	0x0BFD      	DECFSZ     R13, 1
0x02F5	0x2AF4      	GOTO       L_NOKIA_Init15
0x02F6	0x0BFC      	DECFSZ     R12, 1
0x02F7	0x2AF4      	GOTO       L_NOKIA_Init15
0x02F8	0x0000      	NOP
0x02F9	0x0000      	NOP
;3310.c,199 :: 		NOKIA_write_command(0x0C);        // Display normal moda dönüyor
0x02FA	0x300C      	MOVLW      12
0x02FB	0x00B5      	MOVWF      FARG_NOKIA_Write_Command_NOKIA_command
0x02FC	0x2020      	CALL       _NOKIA_Write_Command
;3310.c,200 :: 		}
L_end_NOKIA_Init:
0x02FD	0x0008      	RETURN
; end of _NOKIA_Init
_NOKIA_Image:
;3310.c,155 :: 		void NOKIA_Image(const char *image)
;3310.c,157 :: 		int i=0;
0x02FE	0x1283      	BCF        STATUS, 5
0x02FF	0x1303      	BCF        STATUS, 6
0x0300	0x01A9      	CLRF       NOKIA_Image_i_L0
0x0301	0x01AA      	CLRF       NOKIA_Image_i_L0+1
;3310.c,158 :: 		NOKIA_Goto_xy(0,0);
0x0302	0x01B3      	CLRF       FARG_NOKIA_Goto_xy_xNOKIA
0x0303	0x01B4      	CLRF       FARG_NOKIA_Goto_xy_yNOKIA
0x0304	0x2029      	CALL       _NOKIA_Goto_xy
;3310.c,159 :: 		for(i=0;i<504;i++)
0x0305	0x01A9      	CLRF       NOKIA_Image_i_L0
0x0306	0x01AA      	CLRF       NOKIA_Image_i_L0+1
L_NOKIA_Image8:
0x0307	0x3080      	MOVLW      128
0x0308	0x062A      	XORWF      NOKIA_Image_i_L0+1, 0
0x0309	0x00F0      	MOVWF      R0
0x030A	0x3080      	MOVLW      128
0x030B	0x3A01      	XORLW      1
0x030C	0x0270      	SUBWF      R0, 0
0x030D	0x1D03      	BTFSS      STATUS, 2
0x030E	0x2B11      	GOTO       L__NOKIA_Image72
0x030F	0x30F8      	MOVLW      248
0x0310	0x0229      	SUBWF      NOKIA_Image_i_L0, 0
L__NOKIA_Image72:
0x0311	0x1803      	BTFSC      STATUS, 0
0x0312	0x2B28      	GOTO       L_NOKIA_Image9
;3310.c,161 :: 		NOKIA_Write_Data(image[i]);
0x0313	0x0829      	MOVF       NOKIA_Image_i_L0, 0
0x0314	0x0727      	ADDWF      FARG_NOKIA_Image_image, 0
0x0315	0x00F0      	MOVWF      R0
0x0316	0x0828      	MOVF       FARG_NOKIA_Image_image+1, 0
0x0317	0x1803      	BTFSC      STATUS, 0
0x0318	0x3E01      	ADDLW      1
0x0319	0x072A      	ADDWF      NOKIA_Image_i_L0+1, 0
0x031A	0x00F1      	MOVWF      R0+1
0x031B	0x0870      	MOVF       R0, 0
0x031C	0x00A0      	MOVWF      ___DoICPAddr
0x031D	0x0871      	MOVF       R0+1, 0
0x031E	0x00A1      	MOVWF      ___DoICPAddr+1
0x031F	0x203A      	CALL       _____DoICP
0x0320	0x118A      	BCF        PCLATH, 3
0x0321	0x120A      	BCF        PCLATH, 4
0x0322	0x00B3      	MOVWF      FARG_NOKIA_Write_Data_NOKIA_data
0x0323	0x205A      	CALL       _NOKIA_Write_Data
;3310.c,159 :: 		for(i=0;i<504;i++)
0x0324	0x0AA9      	INCF       NOKIA_Image_i_L0, 1
0x0325	0x1903      	BTFSC      STATUS, 2
0x0326	0x0AAA      	INCF       NOKIA_Image_i_L0+1, 1
;3310.c,162 :: 		}
0x0327	0x2B07      	GOTO       L_NOKIA_Image8
L_NOKIA_Image9:
;3310.c,163 :: 		}
L_end_NOKIA_Image:
0x0328	0x0008      	RETURN
; end of _NOKIA_Image
___CC2DW:
;__Lib_System.c,134 :: 		
;__Lib_System.c,137 :: 		
_CC2D_Loop1:
;__Lib_System.c,139 :: 		
0x0329	0x203A      	CALL       _____DoICP
0x032A	0x118A      	BCF        PCLATH, 3
0x032B	0x120A      	BCF        PCLATH, 4
;__Lib_System.c,141 :: 		
0x032C	0x0080      	MOVWF      INDF
;__Lib_System.c,142 :: 		
0x032D	0x0A84      	INCF       FSR, 1
;__Lib_System.c,143 :: 		
0x032E	0x0AA0      	INCF       ___DoICPAddr, 1
;__Lib_System.c,145 :: 		
0x032F	0x1903      	BTFSC      STATUS, 2
;__Lib_System.c,146 :: 		
0x0330	0x0AA1      	INCF       ___DoICPAddr+1, 1
;__Lib_System.c,147 :: 		
0x0331	0x03F0      	DECF       R0, 1
;__Lib_System.c,149 :: 		
0x0332	0x1D03      	BTFSS      STATUS, 2
;__Lib_System.c,150 :: 		
0x0333	0x2B29      	GOTO       _CC2D_Loop1
;__Lib_System.c,152 :: 		
L_end___CC2DW:
0x0334	0x0008      	RETURN
; end of ___CC2DW
_main:
;MyProject.c,87 :: 		void main() {
;MyProject.c,89 :: 		char letter='A';
0x0335	0x3041      	MOVLW      65
0x0336	0x1283      	BCF        STATUS, 5
0x0337	0x1303      	BCF        STATUS, 6
0x0338	0x00A6      	MOVWF      main_letter_L0
;MyProject.c,91 :: 		NOKIA_Init();// Init function of PCD8544
0x0339	0x22AF      	CALL       _NOKIA_Init
;MyProject.c,93 :: 		NOKIA_Chr(2,5,'7'); // Put '7' letter 2. row, 5. column of LCD. There are 6  rows and 14 columns available.
0x033A	0x3002      	MOVLW      2
0x033B	0x00A7      	MOVWF      FARG_NOKIA_Chr_xNOKIA
0x033C	0x3005      	MOVLW      5
0x033D	0x00A8      	MOVWF      FARG_NOKIA_Chr_yNOKIA
0x033E	0x3037      	MOVLW      55
0x033F	0x00A9      	MOVWF      FARG_NOKIA_Chr_charsel
0x0340	0x220B      	CALL       _NOKIA_Chr
;MyProject.c,95 :: 		delay_ms(3000);
0x0341	0x3010      	MOVLW      16
0x0342	0x00FB      	MOVWF      R11
0x0343	0x3039      	MOVLW      57
0x0344	0x00FC      	MOVWF      R12
0x0345	0x300D      	MOVLW      13
0x0346	0x00FD      	MOVWF      R13
L_main0:
0x0347	0x0BFD      	DECFSZ     R13, 1
0x0348	0x2B47      	GOTO       L_main0
0x0349	0x0BFC      	DECFSZ     R12, 1
0x034A	0x2B47      	GOTO       L_main0
0x034B	0x0BFB      	DECFSZ     R11, 1
0x034C	0x2B47      	GOTO       L_main0
0x034D	0x0000      	NOP
0x034E	0x0000      	NOP
;MyProject.c,96 :: 		NOKIA_Clear();      // Clear LCD
0x034F	0x2063      	CALL       _NOKIA_Clear
;MyProject.c,100 :: 		for(i=1;i<7;i++)
0x0350	0x3001      	MOVLW      1
0x0351	0x00A2      	MOVWF      main_i_L0
0x0352	0x3000      	MOVLW      0
0x0353	0x00A3      	MOVWF      main_i_L0+1
L_main1:
0x0354	0x3080      	MOVLW      128
0x0355	0x0623      	XORWF      main_i_L0+1, 0
0x0356	0x00F0      	MOVWF      R0
0x0357	0x3080      	MOVLW      128
0x0358	0x0270      	SUBWF      R0, 0
0x0359	0x1D03      	BTFSS      STATUS, 2
0x035A	0x2B5D      	GOTO       L__main12
0x035B	0x3007      	MOVLW      7
0x035C	0x0222      	SUBWF      main_i_L0, 0
L__main12:
0x035D	0x1803      	BTFSC      STATUS, 0
0x035E	0x2B88      	GOTO       L_main2
;MyProject.c,102 :: 		for(j=1;j<15;j++)
0x035F	0x3001      	MOVLW      1
0x0360	0x00A4      	MOVWF      main_j_L0
0x0361	0x3000      	MOVLW      0
0x0362	0x00A5      	MOVWF      main_j_L0+1
L_main4:
0x0363	0x3080      	MOVLW      128
0x0364	0x0625      	XORWF      main_j_L0+1, 0
0x0365	0x00F0      	MOVWF      R0
0x0366	0x3080      	MOVLW      128
0x0367	0x0270      	SUBWF      R0, 0
0x0368	0x1D03      	BTFSS      STATUS, 2
0x0369	0x2B6C      	GOTO       L__main13
0x036A	0x300F      	MOVLW      15
0x036B	0x0224      	SUBWF      main_j_L0, 0
L__main13:
0x036C	0x1803      	BTFSC      STATUS, 0
0x036D	0x2B84      	GOTO       L_main5
;MyProject.c,104 :: 		NOKIA_Chr(i,j,letter++);// Print all available characters
0x036E	0x0822      	MOVF       main_i_L0, 0
0x036F	0x00A7      	MOVWF      FARG_NOKIA_Chr_xNOKIA
0x0370	0x0824      	MOVF       main_j_L0, 0
0x0371	0x00A8      	MOVWF      FARG_NOKIA_Chr_yNOKIA
0x0372	0x0826      	MOVF       main_letter_L0, 0
0x0373	0x00A9      	MOVWF      FARG_NOKIA_Chr_charsel
0x0374	0x220B      	CALL       _NOKIA_Chr
0x0375	0x0AA6      	INCF       main_letter_L0, 1
;MyProject.c,105 :: 		delay_ms(100);            //
0x0376	0x3082      	MOVLW      130
0x0377	0x00FC      	MOVWF      R12
0x0378	0x30DD      	MOVLW      221
0x0379	0x00FD      	MOVWF      R13
L_main7:
0x037A	0x0BFD      	DECFSZ     R13, 1
0x037B	0x2B7A      	GOTO       L_main7
0x037C	0x0BFC      	DECFSZ     R12, 1
0x037D	0x2B7A      	GOTO       L_main7
0x037E	0x0000      	NOP
0x037F	0x0000      	NOP
;MyProject.c,102 :: 		for(j=1;j<15;j++)
0x0380	0x0AA4      	INCF       main_j_L0, 1
0x0381	0x1903      	BTFSC      STATUS, 2
0x0382	0x0AA5      	INCF       main_j_L0+1, 1
;MyProject.c,106 :: 		}
0x0383	0x2B63      	GOTO       L_main4
L_main5:
;MyProject.c,100 :: 		for(i=1;i<7;i++)
0x0384	0x0AA2      	INCF       main_i_L0, 1
0x0385	0x1903      	BTFSC      STATUS, 2
0x0386	0x0AA3      	INCF       main_i_L0+1, 1
;MyProject.c,107 :: 		}
0x0387	0x2B54      	GOTO       L_main1
L_main2:
;MyProject.c,108 :: 		delay_ms(2000);
0x0388	0x300B      	MOVLW      11
0x0389	0x00FB      	MOVWF      R11
0x038A	0x3026      	MOVLW      38
0x038B	0x00FC      	MOVWF      R12
0x038C	0x305D      	MOVLW      93
0x038D	0x00FD      	MOVWF      R13
L_main8:
0x038E	0x0BFD      	DECFSZ     R13, 1
0x038F	0x2B8E      	GOTO       L_main8
0x0390	0x0BFC      	DECFSZ     R12, 1
0x0391	0x2B8E      	GOTO       L_main8
0x0392	0x0BFB      	DECFSZ     R11, 1
0x0393	0x2B8E      	GOTO       L_main8
0x0394	0x0000      	NOP
0x0395	0x0000      	NOP
;MyProject.c,109 :: 		NOKIA_Clear(); // Clear LCD
0x0396	0x2063      	CALL       _NOKIA_Clear
;MyProject.c,112 :: 		NOKIA_Out(3,6, "System Embedded"); // Print string 3. row, 6. column
0x0397	0x3003      	MOVLW      3
0x0398	0x00A7      	MOVWF      FARG_NOKIA_Out_xNOKIA
0x0399	0x3006      	MOVLW      6
0x039A	0x00A8      	MOVWF      FARG_NOKIA_Out_yNOKIA
0x039B	0x30E6      	MOVLW      ?lstr_1_MyProject
0x039C	0x00A9      	MOVWF      FARG_NOKIA_Out_s
0x039D	0x3007      	MOVLW      hi_addr(?lstr_1_MyProject)
0x039E	0x00AA      	MOVWF      FARG_NOKIA_Out_s+1
0x039F	0x2278      	CALL       _NOKIA_Out
;MyProject.c,113 :: 		delay_ms(2000);           // There are 6  rows and 14 columns available.
0x03A0	0x300B      	MOVLW      11
0x03A1	0x00FB      	MOVWF      R11
0x03A2	0x3026      	MOVLW      38
0x03A3	0x00FC      	MOVWF      R12
0x03A4	0x305D      	MOVLW      93
0x03A5	0x00FD      	MOVWF      R13
L_main9:
0x03A6	0x0BFD      	DECFSZ     R13, 1
0x03A7	0x2BA6      	GOTO       L_main9
0x03A8	0x0BFC      	DECFSZ     R12, 1
0x03A9	0x2BA6      	GOTO       L_main9
0x03AA	0x0BFB      	DECFSZ     R11, 1
0x03AB	0x2BA6      	GOTO       L_main9
0x03AC	0x0000      	NOP
0x03AD	0x0000      	NOP
;MyProject.c,114 :: 		NOKIA_Clear();
0x03AE	0x2063      	CALL       _NOKIA_Clear
;MyProject.c,116 :: 		NOKIA_Partial_Image(3,38,30,60,asd_bmp);  // Print a partial image on 3rd row, 38th pixel of LCD
0x03AF	0x3003      	MOVLW      3
0x03B0	0x00A7      	MOVWF      FARG_NOKIA_Partial_Image_xNOKIA
0x03B1	0x3026      	MOVLW      38
0x03B2	0x00A8      	MOVWF      FARG_NOKIA_Partial_Image_yNOKIA
0x03B3	0x301E      	MOVLW      30
0x03B4	0x00A9      	MOVWF      FARG_NOKIA_Partial_Image_xImage
0x03B5	0x303C      	MOVLW      60
0x03B6	0x00AA      	MOVWF      FARG_NOKIA_Partial_Image_array_length
0x03B7	0x30AA      	MOVLW      _asd_bmp
0x03B8	0x00AB      	MOVWF      FARG_NOKIA_Partial_Image_image
0x03B9	0x3007      	MOVLW      hi_addr(_asd_bmp)
0x03BA	0x00AC      	MOVWF      FARG_NOKIA_Partial_Image_image+1
0x03BB	0x20D9      	CALL       _NOKIA_Partial_Image
;MyProject.c,117 :: 		NOKIA_Clear();              //Image's x_length is 30 pixels and image array has 60 bytes.
0x03BC	0x2063      	CALL       _NOKIA_Clear
;MyProject.c,120 :: 		NOKIA_Image(iau_bmp); // Print an image whole LCD (image's array length must be 504 bytes)
0x03BD	0x30D1      	MOVLW      _iau_bmp
0x03BE	0x00A7      	MOVWF      FARG_NOKIA_Image_image
0x03BF	0x3003      	MOVLW      hi_addr(_iau_bmp)
0x03C0	0x00A8      	MOVWF      FARG_NOKIA_Image_image+1
0x03C1	0x22FE      	CALL       _NOKIA_Image
;MyProject.c,121 :: 		delay_ms(1000);
0x03C2	0x3006      	MOVLW      6
0x03C3	0x00FB      	MOVWF      R11
0x03C4	0x3013      	MOVLW      19
0x03C5	0x00FC      	MOVWF      R12
0x03C6	0x30AD      	MOVLW      173
0x03C7	0x00FD      	MOVWF      R13
L_main10:
0x03C8	0x0BFD      	DECFSZ     R13, 1
0x03C9	0x2BC8      	GOTO       L_main10
0x03CA	0x0BFC      	DECFSZ     R12, 1
0x03CB	0x2BC8      	GOTO       L_main10
0x03CC	0x0BFB      	DECFSZ     R11, 1
0x03CD	0x2BC8      	GOTO       L_main10
0x03CE	0x0000      	NOP
0x03CF	0x0000      	NOP
;MyProject.c,126 :: 		}
L_end_main:
0x03D0	0x2BD0      	GOTO       $+0
; end of _main
;MyProject.c,27 :: _iau_bmp
0x03D1	0x3400 ;_iau_bmp+0
0x03D2	0x34F8 ;_iau_bmp+1
0x03D3	0x3400 ;_iau_bmp+2
0x03D4	0x3400 ;_iau_bmp+3
0x03D5	0x34C0 ;_iau_bmp+4
0x03D6	0x34B8 ;_iau_bmp+5
0x03D7	0x3498 ;_iau_bmp+6
0x03D8	0x34E0 ;_iau_bmp+7
0x03D9	0x3400 ;_iau_bmp+8
0x03DA	0x3400 ;_iau_bmp+9
0x03DB	0x34F8 ;_iau_bmp+10
0x03DC	0x3400 ;_iau_bmp+11
0x03DD	0x3400 ;_iau_bmp+12
0x03DE	0x3400 ;_iau_bmp+13
0x03DF	0x34F8 ;_iau_bmp+14
0x03E0	0x3400 ;_iau_bmp+15
0x03E1	0x3400 ;_iau_bmp+16
0x03E2	0x3400 ;_iau_bmp+17
0x03E3	0x3480 ;_iau_bmp+18
0x03E4	0x3480 ;_iau_bmp+19
0x03E5	0x3480 ;_iau_bmp+20
0x03E6	0x3480 ;_iau_bmp+21
0x03E7	0x3480 ;_iau_bmp+22
0x03E8	0x3480 ;_iau_bmp+23
0x03E9	0x3400 ;_iau_bmp+24
0x03EA	0x3400 ;_iau_bmp+25
0x03EB	0x3400 ;_iau_bmp+26
0x03EC	0x34F0 ;_iau_bmp+27
0x03ED	0x3418 ;_iau_bmp+28
0x03EE	0x3408 ;_iau_bmp+29
0x03EF	0x3448 ;_iau_bmp+30
0x03F0	0x34D8 ;_iau_bmp+31
0x03F1	0x3400 ;_iau_bmp+32
0x03F2	0x3400 ;_iau_bmp+33
0x03F3	0x34F8 ;_iau_bmp+34
0x03F4	0x3448 ;_iau_bmp+35
0x03F5	0x3448 ;_iau_bmp+36
0x03F6	0x34B0 ;_iau_bmp+37
0x03F7	0x3400 ;_iau_bmp+38
0x03F8	0x3400 ;_iau_bmp+39
0x03F9	0x34F0 ;_iau_bmp+40
0x03FA	0x3408 ;_iau_bmp+41
0x03FB	0x3408 ;_iau_bmp+42
0x03FC	0x3408 ;_iau_bmp+43
0x03FD	0x34F0 ;_iau_bmp+44
0x03FE	0x3400 ;_iau_bmp+45
0x03FF	0x3400 ;_iau_bmp+46
0x0400	0x34F8 ;_iau_bmp+47
0x0401	0x3400 ;_iau_bmp+48
0x0402	0x3400 ;_iau_bmp+49
0x0403	0x3400 ;_iau_bmp+50
0x0404	0x34F8 ;_iau_bmp+51
0x0405	0x3400 ;_iau_bmp+52
0x0406	0x3400 ;_iau_bmp+53
0x0407	0x34F8 ;_iau_bmp+54
0x0408	0x3448 ;_iau_bmp+55
0x0409	0x3448 ;_iau_bmp+56
0x040A	0x3430 ;_iau_bmp+57
0x040B	0x3400 ;_iau_bmp+58
0x040C	0x3400 ;_iau_bmp+59
0x040D	0x3400 ;_iau_bmp+60
0x040E	0x3400 ;_iau_bmp+61
0x040F	0x3408 ;_iau_bmp+62
0x0410	0x3408 ;_iau_bmp+63
0x0411	0x34C8 ;_iau_bmp+64
0x0412	0x3478 ;_iau_bmp+65
0x0413	0x3418 ;_iau_bmp+66
0x0414	0x3400 ;_iau_bmp+67
0x0415	0x3400 ;_iau_bmp+68
0x0416	0x3400 ;_iau_bmp+69
0x0417	0x3400 ;_iau_bmp+70
0x0418	0x3400 ;_iau_bmp+71
0x0419	0x3400 ;_iau_bmp+72
0x041A	0x3400 ;_iau_bmp+73
0x041B	0x3400 ;_iau_bmp+74
0x041C	0x3400 ;_iau_bmp+75
0x041D	0x3400 ;_iau_bmp+76
0x041E	0x3400 ;_iau_bmp+77
0x041F	0x3400 ;_iau_bmp+78
0x0420	0x3400 ;_iau_bmp+79
0x0421	0x3400 ;_iau_bmp+80
0x0422	0x3400 ;_iau_bmp+81
0x0423	0x3400 ;_iau_bmp+82
0x0424	0x3400 ;_iau_bmp+83
0x0425	0x3400 ;_iau_bmp+84
0x0426	0x3403 ;_iau_bmp+85
0x0427	0x3400 ;_iau_bmp+86
0x0428	0x3402 ;_iau_bmp+87
0x0429	0x3401 ;_iau_bmp+88
0x042A	0x3400 ;_iau_bmp+89
0x042B	0x3400 ;_iau_bmp+90
0x042C	0x3400 ;_iau_bmp+91
0x042D	0x3403 ;_iau_bmp+92
0x042E	0x3401 ;_iau_bmp+93
0x042F	0x3401 ;_iau_bmp+94
0x0430	0x3402 ;_iau_bmp+95
0x0431	0x3402 ;_iau_bmp+96
0x0432	0x3402 ;_iau_bmp+97
0x0433	0x3401 ;_iau_bmp+98
0x0434	0x3400 ;_iau_bmp+99
0x0435	0x3400 ;_iau_bmp+100
0x0436	0x3400 ;_iau_bmp+101
0x0437	0x3400 ;_iau_bmp+102
0x0438	0x3400 ;_iau_bmp+103
0x0439	0x3400 ;_iau_bmp+104
0x043A	0x3400 ;_iau_bmp+105
0x043B	0x3400 ;_iau_bmp+106
0x043C	0x3400 ;_iau_bmp+107
0x043D	0x3400 ;_iau_bmp+108
0x043E	0x3400 ;_iau_bmp+109
0x043F	0x3400 ;_iau_bmp+110
0x0440	0x3401 ;_iau_bmp+111
0x0441	0x3403 ;_iau_bmp+112
0x0442	0x3402 ;_iau_bmp+113
0x0443	0x3402 ;_iau_bmp+114
0x0444	0x3403 ;_iau_bmp+115
0x0445	0x3400 ;_iau_bmp+116
0x0446	0x3400 ;_iau_bmp+117
0x0447	0x3403 ;_iau_bmp+118
0x0448	0x3400 ;_iau_bmp+119
0x0449	0x3400 ;_iau_bmp+120
0x044A	0x3403 ;_iau_bmp+121
0x044B	0x3400 ;_iau_bmp+122
0x044C	0x3400 ;_iau_bmp+123
0x044D	0x3401 ;_iau_bmp+124
0x044E	0x3402 ;_iau_bmp+125
0x044F	0x3402 ;_iau_bmp+126
0x0450	0x3402 ;_iau_bmp+127
0x0451	0x3401 ;_iau_bmp+128
0x0452	0x3400 ;_iau_bmp+129
0x0453	0x3400 ;_iau_bmp+130
0x0454	0x3401 ;_iau_bmp+131
0x0455	0x3402 ;_iau_bmp+132
0x0456	0x3402 ;_iau_bmp+133
0x0457	0x3402 ;_iau_bmp+134
0x0458	0x3401 ;_iau_bmp+135
0x0459	0x3400 ;_iau_bmp+136
0x045A	0x3400 ;_iau_bmp+137
0x045B	0x3403 ;_iau_bmp+138
0x045C	0x3400 ;_iau_bmp+139
0x045D	0x3400 ;_iau_bmp+140
0x045E	0x3400 ;_iau_bmp+141
0x045F	0x3400 ;_iau_bmp+142
0x0460	0x3400 ;_iau_bmp+143
0x0461	0x3400 ;_iau_bmp+144
0x0462	0x3400 ;_iau_bmp+145
0x0463	0x3400 ;_iau_bmp+146
0x0464	0x3403 ;_iau_bmp+147
0x0465	0x3401 ;_iau_bmp+148
0x0466	0x3400 ;_iau_bmp+149
0x0467	0x3400 ;_iau_bmp+150
0x0468	0x3400 ;_iau_bmp+151
0x0469	0x3400 ;_iau_bmp+152
0x046A	0x3400 ;_iau_bmp+153
0x046B	0x3400 ;_iau_bmp+154
0x046C	0x3400 ;_iau_bmp+155
0x046D	0x3400 ;_iau_bmp+156
0x046E	0x3400 ;_iau_bmp+157
0x046F	0x3400 ;_iau_bmp+158
0x0470	0x3400 ;_iau_bmp+159
0x0471	0x3400 ;_iau_bmp+160
0x0472	0x3400 ;_iau_bmp+161
0x0473	0x3400 ;_iau_bmp+162
0x0474	0x3400 ;_iau_bmp+163
0x0475	0x3400 ;_iau_bmp+164
0x0476	0x3400 ;_iau_bmp+165
0x0477	0x3400 ;_iau_bmp+166
0x0478	0x3400 ;_iau_bmp+167
0x0479	0x3400 ;_iau_bmp+168
0x047A	0x343E ;_iau_bmp+169
0x047B	0x3463 ;_iau_bmp+170
0x047C	0x3441 ;_iau_bmp+171
0x047D	0x3441 ;_iau_bmp+172
0x047E	0x3422 ;_iau_bmp+173
0x047F	0x3400 ;_iau_bmp+174
0x0480	0x343E ;_iau_bmp+175
0x0481	0x3441 ;_iau_bmp+176
0x0482	0x3441 ;_iau_bmp+177
0x0483	0x3441 ;_iau_bmp+178
0x0484	0x343E ;_iau_bmp+179
0x0485	0x3400 ;_iau_bmp+180
0x0486	0x3400 ;_iau_bmp+181
0x0487	0x347F ;_iau_bmp+182
0x0488	0x3403 ;_iau_bmp+183
0x0489	0x340C ;_iau_bmp+184
0x048A	0x3470 ;_iau_bmp+185
0x048B	0x3470 ;_iau_bmp+186
0x048C	0x340C ;_iau_bmp+187
0x048D	0x3403 ;_iau_bmp+188
0x048E	0x347F ;_iau_bmp+189
0x048F	0x3400 ;_iau_bmp+190
0x0490	0x347F ;_iau_bmp+191
0x0491	0x3409 ;_iau_bmp+192
0x0492	0x3409 ;_iau_bmp+193
0x0493	0x3406 ;_iau_bmp+194
0x0494	0x3400 ;_iau_bmp+195
0x0495	0x3400 ;_iau_bmp+196
0x0496	0x343F ;_iau_bmp+197
0x0497	0x3440 ;_iau_bmp+198
0x0498	0x3440 ;_iau_bmp+199
0x0499	0x3440 ;_iau_bmp+200
0x049A	0x343F ;_iau_bmp+201
0x049B	0x3400 ;_iau_bmp+202
0x049C	0x3401 ;_iau_bmp+203
0x049D	0x3401 ;_iau_bmp+204
0x049E	0x347F ;_iau_bmp+205
0x049F	0x3401 ;_iau_bmp+206
0x04A0	0x3401 ;_iau_bmp+207
0x04A1	0x3400 ;_iau_bmp+208
0x04A2	0x347F ;_iau_bmp+209
0x04A3	0x3449 ;_iau_bmp+210
0x04A4	0x3449 ;_iau_bmp+211
0x04A5	0x3449 ;_iau_bmp+212
0x04A6	0x3400 ;_iau_bmp+213
0x04A7	0x347F ;_iau_bmp+214
0x04A8	0x3409 ;_iau_bmp+215
0x04A9	0x3409 ;_iau_bmp+216
0x04AA	0x3476 ;_iau_bmp+217
0x04AB	0x3400 ;_iau_bmp+218
0x04AC	0x3400 ;_iau_bmp+219
0x04AD	0x3400 ;_iau_bmp+220
0x04AE	0x3400 ;_iau_bmp+221
0x04AF	0x347F ;_iau_bmp+222
0x04B0	0x3449 ;_iau_bmp+223
0x04B1	0x3449 ;_iau_bmp+224
0x04B2	0x3449 ;_iau_bmp+225
0x04B3	0x3400 ;_iau_bmp+226
0x04B4	0x347F ;_iau_bmp+227
0x04B5	0x3403 ;_iau_bmp+228
0x04B6	0x340C ;_iau_bmp+229
0x04B7	0x3470 ;_iau_bmp+230
0x04B8	0x347F ;_iau_bmp+231
0x04B9	0x3400 ;_iau_bmp+232
0x04BA	0x3400 ;_iau_bmp+233
0x04BB	0x343E ;_iau_bmp+234
0x04BC	0x3463 ;_iau_bmp+235
0x04BD	0x3441 ;_iau_bmp+236
0x04BE	0x3449 ;_iau_bmp+237
0x04BF	0x347B ;_iau_bmp+238
0x04C0	0x3400 ;_iau_bmp+239
0x04C1	0x3400 ;_iau_bmp+240
0x04C2	0x3400 ;_iau_bmp+241
0x04C3	0x3400 ;_iau_bmp+242
0x04C4	0x3400 ;_iau_bmp+243
0x04C5	0x3400 ;_iau_bmp+244
0x04C6	0x3400 ;_iau_bmp+245
0x04C7	0x3400 ;_iau_bmp+246
0x04C8	0x3400 ;_iau_bmp+247
0x04C9	0x3400 ;_iau_bmp+248
0x04CA	0x3400 ;_iau_bmp+249
0x04CB	0x3400 ;_iau_bmp+250
0x04CC	0x3400 ;_iau_bmp+251
0x04CD	0x3400 ;_iau_bmp+252
0x04CE	0x34E0 ;_iau_bmp+253
0x04CF	0x3420 ;_iau_bmp+254
0x04D0	0x3420 ;_iau_bmp+255
0x04D1	0x3420 ;_iau_bmp+256
0x04D2	0x3400 ;_iau_bmp+257
0x04D3	0x34E0 ;_iau_bmp+258
0x04D4	0x3460 ;_iau_bmp+259
0x04D5	0x3480 ;_iau_bmp+260
0x04D6	0x3400 ;_iau_bmp+261
0x04D7	0x3400 ;_iau_bmp+262
0x04D8	0x3480 ;_iau_bmp+263
0x04D9	0x3460 ;_iau_bmp+264
0x04DA	0x34E0 ;_iau_bmp+265
0x04DB	0x3400 ;_iau_bmp+266
0x04DC	0x34E0 ;_iau_bmp+267
0x04DD	0x3420 ;_iau_bmp+268
0x04DE	0x3420 ;_iau_bmp+269
0x04DF	0x3420 ;_iau_bmp+270
0x04E0	0x34C0 ;_iau_bmp+271
0x04E1	0x3400 ;_iau_bmp+272
0x04E2	0x34E0 ;_iau_bmp+273
0x04E3	0x3420 ;_iau_bmp+274
0x04E4	0x3420 ;_iau_bmp+275
0x04E5	0x3420 ;_iau_bmp+276
0x04E6	0x3400 ;_iau_bmp+277
0x04E7	0x34E0 ;_iau_bmp+278
0x04E8	0x3420 ;_iau_bmp+279
0x04E9	0x3420 ;_iau_bmp+280
0x04EA	0x3460 ;_iau_bmp+281
0x04EB	0x34C0 ;_iau_bmp+282
0x04EC	0x3400 ;_iau_bmp+283
0x04ED	0x3400 ;_iau_bmp+284
0x04EE	0x34E0 ;_iau_bmp+285
0x04EF	0x3420 ;_iau_bmp+286
0x04F0	0x3420 ;_iau_bmp+287
0x04F1	0x3460 ;_iau_bmp+288
0x04F2	0x34C0 ;_iau_bmp+289
0x04F3	0x3400 ;_iau_bmp+290
0x04F4	0x3400 ;_iau_bmp+291
0x04F5	0x34E0 ;_iau_bmp+292
0x04F6	0x3420 ;_iau_bmp+293
0x04F7	0x3420 ;_iau_bmp+294
0x04F8	0x3420 ;_iau_bmp+295
0x04F9	0x3400 ;_iau_bmp+296
0x04FA	0x34E0 ;_iau_bmp+297
0x04FB	0x3420 ;_iau_bmp+298
0x04FC	0x3420 ;_iau_bmp+299
0x04FD	0x3460 ;_iau_bmp+300
0x04FE	0x34C0 ;_iau_bmp+301
0x04FF	0x3400 ;_iau_bmp+302
0x0500	0x3400 ;_iau_bmp+303
0x0501	0x3400 ;_iau_bmp+304
0x0502	0x34C0 ;_iau_bmp+305
0x0503	0x3420 ;_iau_bmp+306
0x0504	0x3420 ;_iau_bmp+307
0x0505	0x3460 ;_iau_bmp+308
0x0506	0x3400 ;_iau_bmp+309
0x0507	0x3420 ;_iau_bmp+310
0x0508	0x34C0 ;_iau_bmp+311
0x0509	0x3400 ;_iau_bmp+312
0x050A	0x34C0 ;_iau_bmp+313
0x050B	0x3420 ;_iau_bmp+314
0x050C	0x34C0 ;_iau_bmp+315
0x050D	0x3420 ;_iau_bmp+316
0x050E	0x3420 ;_iau_bmp+317
0x050F	0x3460 ;_iau_bmp+318
0x0510	0x3400 ;_iau_bmp+319
0x0511	0x3420 ;_iau_bmp+320
0x0512	0x3420 ;_iau_bmp+321
0x0513	0x34E0 ;_iau_bmp+322
0x0514	0x3420 ;_iau_bmp+323
0x0515	0x3420 ;_iau_bmp+324
0x0516	0x3400 ;_iau_bmp+325
0x0517	0x34E0 ;_iau_bmp+326
0x0518	0x3460 ;_iau_bmp+327
0x0519	0x3480 ;_iau_bmp+328
0x051A	0x3400 ;_iau_bmp+329
0x051B	0x3400 ;_iau_bmp+330
0x051C	0x3480 ;_iau_bmp+331
0x051D	0x3460 ;_iau_bmp+332
0x051E	0x34E0 ;_iau_bmp+333
0x051F	0x3400 ;_iau_bmp+334
0x0520	0x3400 ;_iau_bmp+335
0x0521	0x3400 ;_iau_bmp+336
0x0522	0x340F ;_iau_bmp+337
0x0523	0x3409 ;_iau_bmp+338
0x0524	0x3409 ;_iau_bmp+339
0x0525	0x3409 ;_iau_bmp+340
0x0526	0x3400 ;_iau_bmp+341
0x0527	0x340F ;_iau_bmp+342
0x0528	0x3400 ;_iau_bmp+343
0x0529	0x3401 ;_iau_bmp+344
0x052A	0x340E ;_iau_bmp+345
0x052B	0x340E ;_iau_bmp+346
0x052C	0x3401 ;_iau_bmp+347
0x052D	0x3400 ;_iau_bmp+348
0x052E	0x340F ;_iau_bmp+349
0x052F	0x3400 ;_iau_bmp+350
0x0530	0x340F ;_iau_bmp+351
0x0531	0x3409 ;_iau_bmp+352
0x0532	0x3409 ;_iau_bmp+353
0x0533	0x3409 ;_iau_bmp+354
0x0534	0x3406 ;_iau_bmp+355
0x0535	0x3400 ;_iau_bmp+356
0x0536	0x340F ;_iau_bmp+357
0x0537	0x3409 ;_iau_bmp+358
0x0538	0x3409 ;_iau_bmp+359
0x0539	0x3409 ;_iau_bmp+360
0x053A	0x3400 ;_iau_bmp+361
0x053B	0x340F ;_iau_bmp+362
0x053C	0x3408 ;_iau_bmp+363
0x053D	0x3408 ;_iau_bmp+364
0x053E	0x340C ;_iau_bmp+365
0x053F	0x3407 ;_iau_bmp+366
0x0540	0x3400 ;_iau_bmp+367
0x0541	0x3400 ;_iau_bmp+368
0x0542	0x340F ;_iau_bmp+369
0x0543	0x3408 ;_iau_bmp+370
0x0544	0x3408 ;_iau_bmp+371
0x0545	0x340C ;_iau_bmp+372
0x0546	0x3407 ;_iau_bmp+373
0x0547	0x3400 ;_iau_bmp+374
0x0548	0x3400 ;_iau_bmp+375
0x0549	0x340F ;_iau_bmp+376
0x054A	0x3409 ;_iau_bmp+377
0x054B	0x3409 ;_iau_bmp+378
0x054C	0x3409 ;_iau_bmp+379
0x054D	0x3400 ;_iau_bmp+380
0x054E	0x340F ;_iau_bmp+381
0x054F	0x3408 ;_iau_bmp+382
0x0550	0x3408 ;_iau_bmp+383
0x0551	0x340C ;_iau_bmp+384
0x0552	0x3407 ;_iau_bmp+385
0x0553	0x3400 ;_iau_bmp+386
0x0554	0x3400 ;_iau_bmp+387
0x0555	0x3400 ;_iau_bmp+388
0x0556	0x340C ;_iau_bmp+389
0x0557	0x3409 ;_iau_bmp+390
0x0558	0x3409 ;_iau_bmp+391
0x0559	0x3406 ;_iau_bmp+392
0x055A	0x3400 ;_iau_bmp+393
0x055B	0x3400 ;_iau_bmp+394
0x055C	0x3400 ;_iau_bmp+395
0x055D	0x340F ;_iau_bmp+396
0x055E	0x3400 ;_iau_bmp+397
0x055F	0x3400 ;_iau_bmp+398
0x0560	0x340C ;_iau_bmp+399
0x0561	0x3409 ;_iau_bmp+400
0x0562	0x3409 ;_iau_bmp+401
0x0563	0x3406 ;_iau_bmp+402
0x0564	0x3400 ;_iau_bmp+403
0x0565	0x3400 ;_iau_bmp+404
0x0566	0x3400 ;_iau_bmp+405
0x0567	0x340F ;_iau_bmp+406
0x0568	0x3400 ;_iau_bmp+407
0x0569	0x3400 ;_iau_bmp+408
0x056A	0x3400 ;_iau_bmp+409
0x056B	0x340F ;_iau_bmp+410
0x056C	0x3400 ;_iau_bmp+411
0x056D	0x3401 ;_iau_bmp+412
0x056E	0x340E ;_iau_bmp+413
0x056F	0x340E ;_iau_bmp+414
0x0570	0x3401 ;_iau_bmp+415
0x0571	0x3400 ;_iau_bmp+416
0x0572	0x340F ;_iau_bmp+417
0x0573	0x3400 ;_iau_bmp+418
0x0574	0x3400 ;_iau_bmp+419
0x0575	0x3400 ;_iau_bmp+420
0x0576	0x3400 ;_iau_bmp+421
0x0577	0x3400 ;_iau_bmp+422
0x0578	0x3400 ;_iau_bmp+423
0x0579	0x3400 ;_iau_bmp+424
0x057A	0x3400 ;_iau_bmp+425
0x057B	0x3400 ;_iau_bmp+426
0x057C	0x3400 ;_iau_bmp+427
0x057D	0x3400 ;_iau_bmp+428
0x057E	0x3400 ;_iau_bmp+429
0x057F	0x3400 ;_iau_bmp+430
0x0580	0x3400 ;_iau_bmp+431
0x0581	0x3400 ;_iau_bmp+432
0x0582	0x3400 ;_iau_bmp+433
0x0583	0x3400 ;_iau_bmp+434
0x0584	0x3400 ;_iau_bmp+435
0x0585	0x3400 ;_iau_bmp+436
0x0586	0x3400 ;_iau_bmp+437
0x0587	0x3400 ;_iau_bmp+438
0x0588	0x3400 ;_iau_bmp+439
0x0589	0x3400 ;_iau_bmp+440
0x058A	0x3400 ;_iau_bmp+441
0x058B	0x3400 ;_iau_bmp+442
0x058C	0x3400 ;_iau_bmp+443
0x058D	0x3400 ;_iau_bmp+444
0x058E	0x3400 ;_iau_bmp+445
0x058F	0x3400 ;_iau_bmp+446
0x0590	0x3400 ;_iau_bmp+447
0x0591	0x3400 ;_iau_bmp+448
0x0592	0x3400 ;_iau_bmp+449
0x0593	0x3400 ;_iau_bmp+450
0x0594	0x3400 ;_iau_bmp+451
0x0595	0x3400 ;_iau_bmp+452
0x0596	0x3400 ;_iau_bmp+453
0x0597	0x3400 ;_iau_bmp+454
0x0598	0x3400 ;_iau_bmp+455
0x0599	0x3400 ;_iau_bmp+456
0x059A	0x3400 ;_iau_bmp+457
0x059B	0x3400 ;_iau_bmp+458
0x059C	0x3400 ;_iau_bmp+459
0x059D	0x3400 ;_iau_bmp+460
0x059E	0x3400 ;_iau_bmp+461
0x059F	0x3400 ;_iau_bmp+462
0x05A0	0x3400 ;_iau_bmp+463
0x05A1	0x3400 ;_iau_bmp+464
0x05A2	0x3400 ;_iau_bmp+465
0x05A3	0x3400 ;_iau_bmp+466
0x05A4	0x3400 ;_iau_bmp+467
0x05A5	0x3400 ;_iau_bmp+468
0x05A6	0x3400 ;_iau_bmp+469
0x05A7	0x3400 ;_iau_bmp+470
0x05A8	0x3400 ;_iau_bmp+471
0x05A9	0x3400 ;_iau_bmp+472
0x05AA	0x3400 ;_iau_bmp+473
0x05AB	0x3400 ;_iau_bmp+474
0x05AC	0x3400 ;_iau_bmp+475
0x05AD	0x3400 ;_iau_bmp+476
0x05AE	0x3400 ;_iau_bmp+477
0x05AF	0x3400 ;_iau_bmp+478
0x05B0	0x3400 ;_iau_bmp+479
0x05B1	0x3400 ;_iau_bmp+480
0x05B2	0x3400 ;_iau_bmp+481
0x05B3	0x3400 ;_iau_bmp+482
0x05B4	0x3400 ;_iau_bmp+483
0x05B5	0x3400 ;_iau_bmp+484
0x05B6	0x3400 ;_iau_bmp+485
0x05B7	0x3400 ;_iau_bmp+486
0x05B8	0x3400 ;_iau_bmp+487
0x05B9	0x3400 ;_iau_bmp+488
0x05BA	0x3400 ;_iau_bmp+489
0x05BB	0x3400 ;_iau_bmp+490
0x05BC	0x3400 ;_iau_bmp+491
0x05BD	0x3400 ;_iau_bmp+492
0x05BE	0x3400 ;_iau_bmp+493
0x05BF	0x3400 ;_iau_bmp+494
0x05C0	0x3400 ;_iau_bmp+495
0x05C1	0x3400 ;_iau_bmp+496
0x05C2	0x3400 ;_iau_bmp+497
0x05C3	0x3400 ;_iau_bmp+498
0x05C4	0x3400 ;_iau_bmp+499
0x05C5	0x3400 ;_iau_bmp+500
0x05C6	0x3400 ;_iau_bmp+501
0x05C7	0x3400 ;_iau_bmp+502
0x05C8	0x3400 ;_iau_bmp+503
; end of _iau_bmp
;3310.c,53 :: _tablo2
0x05C9	0x347F ;_tablo2+0
0x05CA	0x3409 ;_tablo2+1
0x05CB	0x3409 ;_tablo2+2
0x05CC	0x3409 ;_tablo2+3
0x05CD	0x3406 ;_tablo2+4
0x05CE	0x343E ;_tablo2+5
0x05CF	0x3441 ;_tablo2+6
0x05D0	0x3451 ;_tablo2+7
0x05D1	0x3421 ;_tablo2+8
0x05D2	0x345E ;_tablo2+9
0x05D3	0x347F ;_tablo2+10
0x05D4	0x3409 ;_tablo2+11
0x05D5	0x3419 ;_tablo2+12
0x05D6	0x3429 ;_tablo2+13
0x05D7	0x3446 ;_tablo2+14
0x05D8	0x3446 ;_tablo2+15
0x05D9	0x3449 ;_tablo2+16
0x05DA	0x3449 ;_tablo2+17
0x05DB	0x3449 ;_tablo2+18
0x05DC	0x3431 ;_tablo2+19
0x05DD	0x3401 ;_tablo2+20
0x05DE	0x3401 ;_tablo2+21
0x05DF	0x347F ;_tablo2+22
0x05E0	0x3401 ;_tablo2+23
0x05E1	0x3401 ;_tablo2+24
0x05E2	0x343F ;_tablo2+25
0x05E3	0x3440 ;_tablo2+26
0x05E4	0x3440 ;_tablo2+27
0x05E5	0x3440 ;_tablo2+28
0x05E6	0x343F ;_tablo2+29
0x05E7	0x341F ;_tablo2+30
0x05E8	0x3420 ;_tablo2+31
0x05E9	0x3440 ;_tablo2+32
0x05EA	0x3420 ;_tablo2+33
0x05EB	0x341F ;_tablo2+34
0x05EC	0x343F ;_tablo2+35
0x05ED	0x3440 ;_tablo2+36
0x05EE	0x3438 ;_tablo2+37
0x05EF	0x3440 ;_tablo2+38
0x05F0	0x343F ;_tablo2+39
0x05F1	0x3463 ;_tablo2+40
0x05F2	0x3414 ;_tablo2+41
0x05F3	0x3408 ;_tablo2+42
0x05F4	0x3414 ;_tablo2+43
0x05F5	0x3463 ;_tablo2+44
0x05F6	0x3407 ;_tablo2+45
0x05F7	0x3408 ;_tablo2+46
0x05F8	0x3470 ;_tablo2+47
0x05F9	0x3408 ;_tablo2+48
0x05FA	0x3407 ;_tablo2+49
0x05FB	0x3461 ;_tablo2+50
0x05FC	0x3451 ;_tablo2+51
0x05FD	0x3449 ;_tablo2+52
0x05FE	0x3445 ;_tablo2+53
0x05FF	0x3443 ;_tablo2+54
0x0600	0x3400 ;_tablo2+55
0x0601	0x347F ;_tablo2+56
0x0602	0x3441 ;_tablo2+57
0x0603	0x3441 ;_tablo2+58
0x0604	0x3400 ;_tablo2+59
0x0605	0x3402 ;_tablo2+60
0x0606	0x3404 ;_tablo2+61
0x0607	0x3408 ;_tablo2+62
0x0608	0x3410 ;_tablo2+63
0x0609	0x3420 ;_tablo2+64
0x060A	0x3400 ;_tablo2+65
0x060B	0x3441 ;_tablo2+66
0x060C	0x3441 ;_tablo2+67
0x060D	0x347F ;_tablo2+68
0x060E	0x3400 ;_tablo2+69
0x060F	0x3404 ;_tablo2+70
0x0610	0x3402 ;_tablo2+71
0x0611	0x3401 ;_tablo2+72
0x0612	0x3402 ;_tablo2+73
0x0613	0x3404 ;_tablo2+74
0x0614	0x3440 ;_tablo2+75
0x0615	0x3440 ;_tablo2+76
0x0616	0x3440 ;_tablo2+77
0x0617	0x3440 ;_tablo2+78
0x0618	0x3440 ;_tablo2+79
0x0619	0x3400 ;_tablo2+80
0x061A	0x3401 ;_tablo2+81
0x061B	0x3402 ;_tablo2+82
0x061C	0x3404 ;_tablo2+83
0x061D	0x3400 ;_tablo2+84
0x061E	0x3420 ;_tablo2+85
0x061F	0x3454 ;_tablo2+86
0x0620	0x3454 ;_tablo2+87
0x0621	0x3454 ;_tablo2+88
0x0622	0x3478 ;_tablo2+89
0x0623	0x347F ;_tablo2+90
0x0624	0x3448 ;_tablo2+91
0x0625	0x3444 ;_tablo2+92
0x0626	0x3444 ;_tablo2+93
0x0627	0x3438 ;_tablo2+94
0x0628	0x3438 ;_tablo2+95
0x0629	0x3444 ;_tablo2+96
0x062A	0x3444 ;_tablo2+97
0x062B	0x3444 ;_tablo2+98
0x062C	0x3420 ;_tablo2+99
0x062D	0x3438 ;_tablo2+100
0x062E	0x3444 ;_tablo2+101
0x062F	0x3444 ;_tablo2+102
0x0630	0x3448 ;_tablo2+103
0x0631	0x347F ;_tablo2+104
0x0632	0x3438 ;_tablo2+105
0x0633	0x3454 ;_tablo2+106
0x0634	0x3454 ;_tablo2+107
0x0635	0x3454 ;_tablo2+108
0x0636	0x3418 ;_tablo2+109
0x0637	0x3408 ;_tablo2+110
0x0638	0x347E ;_tablo2+111
0x0639	0x3409 ;_tablo2+112
0x063A	0x3401 ;_tablo2+113
0x063B	0x3402 ;_tablo2+114
0x063C	0x340C ;_tablo2+115
0x063D	0x3452 ;_tablo2+116
0x063E	0x3452 ;_tablo2+117
0x063F	0x3452 ;_tablo2+118
0x0640	0x343E ;_tablo2+119
0x0641	0x347F ;_tablo2+120
0x0642	0x3408 ;_tablo2+121
0x0643	0x3404 ;_tablo2+122
0x0644	0x3404 ;_tablo2+123
0x0645	0x3478 ;_tablo2+124
0x0646	0x3400 ;_tablo2+125
0x0647	0x3444 ;_tablo2+126
0x0648	0x347D ;_tablo2+127
0x0649	0x3440 ;_tablo2+128
0x064A	0x3400 ;_tablo2+129
0x064B	0x3420 ;_tablo2+130
0x064C	0x3440 ;_tablo2+131
0x064D	0x3444 ;_tablo2+132
0x064E	0x343D ;_tablo2+133
0x064F	0x3400 ;_tablo2+134
0x0650	0x347F ;_tablo2+135
0x0651	0x3410 ;_tablo2+136
0x0652	0x3428 ;_tablo2+137
0x0653	0x3444 ;_tablo2+138
0x0654	0x3400 ;_tablo2+139
0x0655	0x3400 ;_tablo2+140
0x0656	0x3441 ;_tablo2+141
0x0657	0x347F ;_tablo2+142
0x0658	0x3440 ;_tablo2+143
0x0659	0x3400 ;_tablo2+144
0x065A	0x347C ;_tablo2+145
0x065B	0x3404 ;_tablo2+146
0x065C	0x3418 ;_tablo2+147
0x065D	0x3404 ;_tablo2+148
0x065E	0x3478 ;_tablo2+149
0x065F	0x347C ;_tablo2+150
0x0660	0x3408 ;_tablo2+151
0x0661	0x3404 ;_tablo2+152
0x0662	0x3404 ;_tablo2+153
0x0663	0x3478 ;_tablo2+154
0x0664	0x3438 ;_tablo2+155
0x0665	0x3444 ;_tablo2+156
0x0666	0x3444 ;_tablo2+157
0x0667	0x3444 ;_tablo2+158
0x0668	0x3438 ;_tablo2+159
0x0669	0x347C ;_tablo2+160
0x066A	0x3414 ;_tablo2+161
0x066B	0x3414 ;_tablo2+162
0x066C	0x3414 ;_tablo2+163
0x066D	0x3408 ;_tablo2+164
0x066E	0x3408 ;_tablo2+165
0x066F	0x3414 ;_tablo2+166
0x0670	0x3414 ;_tablo2+167
0x0671	0x3418 ;_tablo2+168
0x0672	0x347C ;_tablo2+169
0x0673	0x347C ;_tablo2+170
0x0674	0x3408 ;_tablo2+171
0x0675	0x3404 ;_tablo2+172
0x0676	0x3404 ;_tablo2+173
0x0677	0x3408 ;_tablo2+174
0x0678	0x3448 ;_tablo2+175
0x0679	0x3454 ;_tablo2+176
0x067A	0x3454 ;_tablo2+177
0x067B	0x3454 ;_tablo2+178
0x067C	0x3420 ;_tablo2+179
0x067D	0x3404 ;_tablo2+180
0x067E	0x343F ;_tablo2+181
0x067F	0x3444 ;_tablo2+182
0x0680	0x3440 ;_tablo2+183
0x0681	0x3420 ;_tablo2+184
0x0682	0x343C ;_tablo2+185
0x0683	0x3440 ;_tablo2+186
0x0684	0x3440 ;_tablo2+187
0x0685	0x3420 ;_tablo2+188
0x0686	0x347C ;_tablo2+189
0x0687	0x341C ;_tablo2+190
0x0688	0x3420 ;_tablo2+191
0x0689	0x3440 ;_tablo2+192
0x068A	0x3420 ;_tablo2+193
0x068B	0x341C ;_tablo2+194
0x068C	0x343C ;_tablo2+195
0x068D	0x3440 ;_tablo2+196
0x068E	0x3430 ;_tablo2+197
0x068F	0x3440 ;_tablo2+198
0x0690	0x343C ;_tablo2+199
0x0691	0x3444 ;_tablo2+200
0x0692	0x3428 ;_tablo2+201
0x0693	0x3410 ;_tablo2+202
0x0694	0x3428 ;_tablo2+203
0x0695	0x3444 ;_tablo2+204
0x0696	0x340C ;_tablo2+205
0x0697	0x3450 ;_tablo2+206
0x0698	0x3450 ;_tablo2+207
0x0699	0x3450 ;_tablo2+208
0x069A	0x343C ;_tablo2+209
0x069B	0x3444 ;_tablo2+210
0x069C	0x3464 ;_tablo2+211
0x069D	0x3454 ;_tablo2+212
0x069E	0x344C ;_tablo2+213
0x069F	0x3444 ;_tablo2+214
0x06A0	0x3400 ;_tablo2+215
0x06A1	0x3408 ;_tablo2+216
0x06A2	0x3436 ;_tablo2+217
0x06A3	0x3441 ;_tablo2+218
0x06A4	0x3400 ;_tablo2+219
0x06A5	0x3400 ;_tablo2+220
0x06A6	0x3400 ;_tablo2+221
0x06A7	0x347F ;_tablo2+222
0x06A8	0x3400 ;_tablo2+223
0x06A9	0x3400 ;_tablo2+224
0x06AA	0x3400 ;_tablo2+225
0x06AB	0x3441 ;_tablo2+226
0x06AC	0x3436 ;_tablo2+227
0x06AD	0x3408 ;_tablo2+228
0x06AE	0x3400 ;_tablo2+229
0x06AF	0x3410 ;_tablo2+230
0x06B0	0x3408 ;_tablo2+231
0x06B1	0x3408 ;_tablo2+232
0x06B2	0x3410 ;_tablo2+233
0x06B3	0x3408 ;_tablo2+234
0x06B4	0x3478 ;_tablo2+235
0x06B5	0x3446 ;_tablo2+236
0x06B6	0x3441 ;_tablo2+237
0x06B7	0x3446 ;_tablo2+238
0x06B8	0x3478 ;_tablo2+239
0x06B9	0x3400 ;_tablo2+240
; end of _tablo2
;3310.c,3 :: _tablo1
0x06BA	0x3400 ;_tablo1+0
0x06BB	0x3400 ;_tablo1+1
0x06BC	0x3400 ;_tablo1+2
0x06BD	0x3400 ;_tablo1+3
0x06BE	0x3400 ;_tablo1+4
0x06BF	0x3400 ;_tablo1+5
0x06C0	0x3400 ;_tablo1+6
0x06C1	0x345F ;_tablo1+7
0x06C2	0x3400 ;_tablo1+8
0x06C3	0x3400 ;_tablo1+9
0x06C4	0x3400 ;_tablo1+10
0x06C5	0x3407 ;_tablo1+11
0x06C6	0x3400 ;_tablo1+12
0x06C7	0x3407 ;_tablo1+13
0x06C8	0x3400 ;_tablo1+14
0x06C9	0x3414 ;_tablo1+15
0x06CA	0x347F ;_tablo1+16
0x06CB	0x3414 ;_tablo1+17
0x06CC	0x347F ;_tablo1+18
0x06CD	0x3414 ;_tablo1+19
0x06CE	0x3424 ;_tablo1+20
0x06CF	0x342A ;_tablo1+21
0x06D0	0x347F ;_tablo1+22
0x06D1	0x342A ;_tablo1+23
0x06D2	0x3412 ;_tablo1+24
0x06D3	0x3423 ;_tablo1+25
0x06D4	0x3413 ;_tablo1+26
0x06D5	0x3408 ;_tablo1+27
0x06D6	0x3464 ;_tablo1+28
0x06D7	0x3462 ;_tablo1+29
0x06D8	0x3436 ;_tablo1+30
0x06D9	0x3449 ;_tablo1+31
0x06DA	0x3455 ;_tablo1+32
0x06DB	0x3422 ;_tablo1+33
0x06DC	0x3450 ;_tablo1+34
0x06DD	0x3400 ;_tablo1+35
0x06DE	0x3405 ;_tablo1+36
0x06DF	0x3403 ;_tablo1+37
0x06E0	0x3400 ;_tablo1+38
0x06E1	0x3400 ;_tablo1+39
0x06E2	0x3400 ;_tablo1+40
0x06E3	0x341C ;_tablo1+41
0x06E4	0x3422 ;_tablo1+42
0x06E5	0x3441 ;_tablo1+43
0x06E6	0x3400 ;_tablo1+44
0x06E7	0x3400 ;_tablo1+45
0x06E8	0x3441 ;_tablo1+46
0x06E9	0x3422 ;_tablo1+47
0x06EA	0x341C ;_tablo1+48
0x06EB	0x3400 ;_tablo1+49
0x06EC	0x3414 ;_tablo1+50
0x06ED	0x3408 ;_tablo1+51
0x06EE	0x343E ;_tablo1+52
0x06EF	0x3408 ;_tablo1+53
0x06F0	0x3414 ;_tablo1+54
0x06F1	0x3408 ;_tablo1+55
0x06F2	0x3408 ;_tablo1+56
0x06F3	0x343E ;_tablo1+57
0x06F4	0x3408 ;_tablo1+58
0x06F5	0x3408 ;_tablo1+59
0x06F6	0x3400 ;_tablo1+60
0x06F7	0x3450 ;_tablo1+61
0x06F8	0x3430 ;_tablo1+62
0x06F9	0x3400 ;_tablo1+63
0x06FA	0x3400 ;_tablo1+64
0x06FB	0x3408 ;_tablo1+65
0x06FC	0x3408 ;_tablo1+66
0x06FD	0x3408 ;_tablo1+67
0x06FE	0x3408 ;_tablo1+68
0x06FF	0x3408 ;_tablo1+69
0x0700	0x3400 ;_tablo1+70
0x0701	0x3460 ;_tablo1+71
0x0702	0x3460 ;_tablo1+72
0x0703	0x3400 ;_tablo1+73
0x0704	0x3400 ;_tablo1+74
0x0705	0x3420 ;_tablo1+75
0x0706	0x3410 ;_tablo1+76
0x0707	0x3408 ;_tablo1+77
0x0708	0x3404 ;_tablo1+78
0x0709	0x3402 ;_tablo1+79
0x070A	0x343E ;_tablo1+80
0x070B	0x3451 ;_tablo1+81
0x070C	0x3449 ;_tablo1+82
0x070D	0x3445 ;_tablo1+83
0x070E	0x343E ;_tablo1+84
0x070F	0x3400 ;_tablo1+85
0x0710	0x3442 ;_tablo1+86
0x0711	0x347F ;_tablo1+87
0x0712	0x3440 ;_tablo1+88
0x0713	0x3400 ;_tablo1+89
0x0714	0x3442 ;_tablo1+90
0x0715	0x3461 ;_tablo1+91
0x0716	0x3451 ;_tablo1+92
0x0717	0x3449 ;_tablo1+93
0x0718	0x3446 ;_tablo1+94
0x0719	0x3421 ;_tablo1+95
0x071A	0x3441 ;_tablo1+96
0x071B	0x3445 ;_tablo1+97
0x071C	0x344B ;_tablo1+98
0x071D	0x3431 ;_tablo1+99
0x071E	0x3418 ;_tablo1+100
0x071F	0x3414 ;_tablo1+101
0x0720	0x3412 ;_tablo1+102
0x0721	0x347F ;_tablo1+103
0x0722	0x3410 ;_tablo1+104
0x0723	0x3427 ;_tablo1+105
0x0724	0x3445 ;_tablo1+106
0x0725	0x3445 ;_tablo1+107
0x0726	0x3445 ;_tablo1+108
0x0727	0x3439 ;_tablo1+109
0x0728	0x343C ;_tablo1+110
0x0729	0x344A ;_tablo1+111
0x072A	0x3449 ;_tablo1+112
0x072B	0x3449 ;_tablo1+113
0x072C	0x3430 ;_tablo1+114
0x072D	0x3401 ;_tablo1+115
0x072E	0x3471 ;_tablo1+116
0x072F	0x3409 ;_tablo1+117
0x0730	0x3405 ;_tablo1+118
0x0731	0x3403 ;_tablo1+119
0x0732	0x3436 ;_tablo1+120
0x0733	0x3449 ;_tablo1+121
0x0734	0x3449 ;_tablo1+122
0x0735	0x3449 ;_tablo1+123
0x0736	0x3436 ;_tablo1+124
0x0737	0x3406 ;_tablo1+125
0x0738	0x3449 ;_tablo1+126
0x0739	0x3449 ;_tablo1+127
0x073A	0x3429 ;_tablo1+128
0x073B	0x341E ;_tablo1+129
0x073C	0x3400 ;_tablo1+130
0x073D	0x3436 ;_tablo1+131
0x073E	0x3436 ;_tablo1+132
0x073F	0x3400 ;_tablo1+133
0x0740	0x3400 ;_tablo1+134
0x0741	0x3400 ;_tablo1+135
0x0742	0x3456 ;_tablo1+136
0x0743	0x3436 ;_tablo1+137
0x0744	0x3400 ;_tablo1+138
0x0745	0x3400 ;_tablo1+139
0x0746	0x3408 ;_tablo1+140
0x0747	0x3414 ;_tablo1+141
0x0748	0x3422 ;_tablo1+142
0x0749	0x3441 ;_tablo1+143
0x074A	0x3400 ;_tablo1+144
0x074B	0x3414 ;_tablo1+145
0x074C	0x3414 ;_tablo1+146
0x074D	0x3414 ;_tablo1+147
0x074E	0x3414 ;_tablo1+148
0x074F	0x3414 ;_tablo1+149
0x0750	0x3400 ;_tablo1+150
0x0751	0x3441 ;_tablo1+151
0x0752	0x3422 ;_tablo1+152
0x0753	0x3414 ;_tablo1+153
0x0754	0x3408 ;_tablo1+154
0x0755	0x3402 ;_tablo1+155
0x0756	0x3401 ;_tablo1+156
0x0757	0x3451 ;_tablo1+157
0x0758	0x3409 ;_tablo1+158
0x0759	0x3406 ;_tablo1+159
0x075A	0x3432 ;_tablo1+160
0x075B	0x3449 ;_tablo1+161
0x075C	0x3479 ;_tablo1+162
0x075D	0x3441 ;_tablo1+163
0x075E	0x343E ;_tablo1+164
0x075F	0x347E ;_tablo1+165
0x0760	0x3411 ;_tablo1+166
0x0761	0x3411 ;_tablo1+167
0x0762	0x3411 ;_tablo1+168
0x0763	0x347E ;_tablo1+169
0x0764	0x347F ;_tablo1+170
0x0765	0x3449 ;_tablo1+171
0x0766	0x3449 ;_tablo1+172
0x0767	0x3449 ;_tablo1+173
0x0768	0x3436 ;_tablo1+174
0x0769	0x343E ;_tablo1+175
0x076A	0x3441 ;_tablo1+176
0x076B	0x3441 ;_tablo1+177
0x076C	0x3441 ;_tablo1+178
0x076D	0x3422 ;_tablo1+179
0x076E	0x347F ;_tablo1+180
0x076F	0x3441 ;_tablo1+181
0x0770	0x3441 ;_tablo1+182
0x0771	0x3422 ;_tablo1+183
0x0772	0x341C ;_tablo1+184
0x0773	0x347F ;_tablo1+185
0x0774	0x3449 ;_tablo1+186
0x0775	0x3449 ;_tablo1+187
0x0776	0x3449 ;_tablo1+188
0x0777	0x3441 ;_tablo1+189
0x0778	0x347F ;_tablo1+190
0x0779	0x3409 ;_tablo1+191
0x077A	0x3409 ;_tablo1+192
0x077B	0x3409 ;_tablo1+193
0x077C	0x3401 ;_tablo1+194
0x077D	0x343E ;_tablo1+195
0x077E	0x3441 ;_tablo1+196
0x077F	0x3449 ;_tablo1+197
0x0780	0x3449 ;_tablo1+198
0x0781	0x347A ;_tablo1+199
0x0782	0x347F ;_tablo1+200
0x0783	0x3408 ;_tablo1+201
0x0784	0x3408 ;_tablo1+202
0x0785	0x3408 ;_tablo1+203
0x0786	0x347F ;_tablo1+204
0x0787	0x3400 ;_tablo1+205
0x0788	0x3441 ;_tablo1+206
0x0789	0x347F ;_tablo1+207
0x078A	0x3441 ;_tablo1+208
0x078B	0x3400 ;_tablo1+209
0x078C	0x3420 ;_tablo1+210
0x078D	0x3440 ;_tablo1+211
0x078E	0x3441 ;_tablo1+212
0x078F	0x343F ;_tablo1+213
0x0790	0x3401 ;_tablo1+214
0x0791	0x347F ;_tablo1+215
0x0792	0x3408 ;_tablo1+216
0x0793	0x3414 ;_tablo1+217
0x0794	0x3422 ;_tablo1+218
0x0795	0x3441 ;_tablo1+219
0x0796	0x347F ;_tablo1+220
0x0797	0x3440 ;_tablo1+221
0x0798	0x3440 ;_tablo1+222
0x0799	0x3440 ;_tablo1+223
0x079A	0x3440 ;_tablo1+224
0x079B	0x347F ;_tablo1+225
0x079C	0x3402 ;_tablo1+226
0x079D	0x340C ;_tablo1+227
0x079E	0x3402 ;_tablo1+228
0x079F	0x347F ;_tablo1+229
0x07A0	0x347F ;_tablo1+230
0x07A1	0x3404 ;_tablo1+231
0x07A2	0x3408 ;_tablo1+232
0x07A3	0x3410 ;_tablo1+233
0x07A4	0x347F ;_tablo1+234
0x07A5	0x343E ;_tablo1+235
0x07A6	0x3441 ;_tablo1+236
0x07A7	0x3441 ;_tablo1+237
0x07A8	0x3441 ;_tablo1+238
0x07A9	0x343E ;_tablo1+239
; end of _tablo1
;MyProject.c,76 :: _asd_bmp
0x07AA	0x3402 ;_asd_bmp+0
0x07AB	0x340F ;_asd_bmp+1
0x07AC	0x343F ;_asd_bmp+2
0x07AD	0x34FC ;_asd_bmp+3
0x07AE	0x34FC ;_asd_bmp+4
0x07AF	0x3484 ;_asd_bmp+5
0x07B0	0x3406 ;_asd_bmp+6
0x07B1	0x3406 ;_asd_bmp+7
0x07B2	0x3442 ;_asd_bmp+8
0x07B3	0x34E3 ;_asd_bmp+9
0x07B4	0x3403 ;_asd_bmp+10
0x07B5	0x34C3 ;_asd_bmp+11
0x07B6	0x3422 ;_asd_bmp+12
0x07B7	0x34E6 ;_asd_bmp+13
0x07B8	0x3404 ;_asd_bmp+14
0x07B9	0x34EC ;_asd_bmp+15
0x07BA	0x34AC ;_asd_bmp+16
0x07BB	0x34EC ;_asd_bmp+17
0x07BC	0x340C ;_asd_bmp+18
0x07BD	0x34C4 ;_asd_bmp+19
0x07BE	0x3426 ;_asd_bmp+20
0x07BF	0x3426 ;_asd_bmp+21
0x07C0	0x3423 ;_asd_bmp+22
0x07C1	0x3403 ;_asd_bmp+23
0x07C2	0x3403 ;_asd_bmp+24
0x07C3	0x3483 ;_asd_bmp+25
0x07C4	0x34E6 ;_asd_bmp+26
0x07C5	0x34FE ;_asd_bmp+27
0x07C6	0x343F ;_asd_bmp+28
0x07C7	0x340E ;_asd_bmp+29
0x07C8	0x3400 ;_asd_bmp+30
0x07C9	0x3400 ;_asd_bmp+31
0x07CA	0x3400 ;_asd_bmp+32
0x07CB	0x3400 ;_asd_bmp+33
0x07CC	0x3407 ;_asd_bmp+34
0x07CD	0x341F ;_asd_bmp+35
0x07CE	0x347E ;_asd_bmp+36
0x07CF	0x34F8 ;_asd_bmp+37
0x07D0	0x34E0 ;_asd_bmp+38
0x07D1	0x34E3 ;_asd_bmp+39
0x07D2	0x34E0 ;_asd_bmp+40
0x07D3	0x34E1 ;_asd_bmp+41
0x07D4	0x34E2 ;_asd_bmp+42
0x07D5	0x34E1 ;_asd_bmp+43
0x07D6	0x34E0 ;_asd_bmp+44
0x07D7	0x34E0 ;_asd_bmp+45
0x07D8	0x34E0 ;_asd_bmp+46
0x07D9	0x34E0 ;_asd_bmp+47
0x07DA	0x34E0 ;_asd_bmp+48
0x07DB	0x34E1 ;_asd_bmp+49
0x07DC	0x34E2 ;_asd_bmp+50
0x07DD	0x34E2 ;_asd_bmp+51
0x07DE	0x34E1 ;_asd_bmp+52
0x07DF	0x34F0 ;_asd_bmp+53
0x07E0	0x34FC ;_asd_bmp+54
0x07E1	0x343F ;_asd_bmp+55
0x07E2	0x3407 ;_asd_bmp+56
0x07E3	0x3401 ;_asd_bmp+57
0x07E4	0x3400 ;_asd_bmp+58
0x07E5	0x3400 ;_asd_bmp+59
; end of _asd_bmp
;MyProject.c,0 :: ?lstr_1_MyProject
0x07E6	0x3453 ;?lstr_1_MyProject+0
0x07E7	0x3479 ;?lstr_1_MyProject+1
0x07E8	0x3473 ;?lstr_1_MyProject+2
0x07E9	0x3474 ;?lstr_1_MyProject+3
0x07EA	0x3465 ;?lstr_1_MyProject+4
0x07EB	0x346D ;?lstr_1_MyProject+5
0x07EC	0x3420 ;?lstr_1_MyProject+6
0x07ED	0x3445 ;?lstr_1_MyProject+7
0x07EE	0x346D ;?lstr_1_MyProject+8
0x07EF	0x3462 ;?lstr_1_MyProject+9
0x07F0	0x3465 ;?lstr_1_MyProject+10
0x07F1	0x3464 ;?lstr_1_MyProject+11
0x07F2	0x3464 ;?lstr_1_MyProject+12
0x07F3	0x3465 ;?lstr_1_MyProject+13
0x07F4	0x3464 ;?lstr_1_MyProject+14
0x07F5	0x3400 ;?lstr_1_MyProject+15
; end of ?lstr_1_MyProject
Symbol List:
//** Routines locations **
//ADDRESS    SIZE    PROCEDURE
//----------------------------------------------
0x0003      [29]    _NOKIA_Write_Byte
0x0020       [9]    _NOKIA_Write_Command
0x0029      [17]    _NOKIA_Goto_xy
0x003A       [7]    _____DoICP
0x0041      [25]    _Mul_8X8_U
0x005A       [9]    _NOKIA_Write_Data
0x0063      [26]    _NOKIA_Clear
0x007D      [92]    _NOKIA_Chr_for_NOKIA_out
0x00D9     [306]    _NOKIA_Partial_Image
0x020B     [109]    _NOKIA_Chr
0x0278      [55]    _NOKIA_Out
0x02AF      [79]    _NOKIA_Init
0x02FE      [43]    _NOKIA_Image
0x0329      [12]    ___CC2DW
0x0335     [156]    _main
//** Variables locations ** 
//ADDRESS    SIZE    VARIABLE
//----------------------------------------------
0x0000       [1]    INDF
0x0002       [1]    PCL
0x0003       [1]    STATUS
0x0004       [1]    FSR
0x0006       [0]    nok_dc
0x0006       [0]    nok_sce
0x0006       [0]    nok_sdin
0x0006       [0]    nok_sclk
0x0006       [1]    PORTB
0x0006       [0]    nok_res
0x000A       [1]    PCLATH
0x0020       [2]    ___DoICPAddr
0x0022       [2]    main_i_L0
0x0024       [2]    main_j_L0
0x0026       [1]    main_letter_L0
0x0027       [1]    FARG_NOKIA_Partial_Image_xNOKIA
0x0027       [1]    FARG_NOKIA_Out_xNOKIA
0x0027       [1]    FARG_NOKIA_Chr_xNOKIA
0x0027       [2]    FARG_NOKIA_Image_image
0x0028       [1]    FARG_NOKIA_Out_yNOKIA
0x0028       [1]    FARG_NOKIA_Chr_yNOKIA
0x0028       [1]    FARG_NOKIA_Partial_Image_yNOKIA
0x0029       [2]    NOKIA_Image_i_L0
0x0029       [1]    FARG_NOKIA_Chr_charsel
0x0029       [2]    FARG_NOKIA_Out_s
0x0029       [1]    FARG_NOKIA_Partial_Image_xImage
0x002A       [1]    FARG_NOKIA_Partial_Image_array_length
0x002A       [1]    NOKIA_Chr_char_row_L0
0x002B       [1]    NOKIA_Chr_chardata_L0
0x002B       [2]    FARG_NOKIA_Partial_Image_image
0x002D       [1]    NOKIA_Partial_Image_sayac_L0
0x002E       [2]    NOKIA_Clear_ddram_L0
0x002E       [1]    FARG_NOKIA_Chr_for_NOKIA_out_xNOKIA
0x002F       [1]    FARG_NOKIA_Chr_for_NOKIA_out_yNOKIA
0x0030       [1]    FARG_NOKIA_Chr_for_NOKIA_out_charsel
0x0031       [1]    NOKIA_Chr_for_NOKIA_out_char_row_L0
0x0032       [1]    NOKIA_Chr_for_NOKIA_out_chardata_L0
0x0033       [1]    FARG_NOKIA_Goto_xy_xNOKIA
0x0033       [1]    FARG_NOKIA_Write_Data_NOKIA_data
0x0034       [1]    FARG_NOKIA_Goto_xy_yNOKIA
0x0035       [1]    FARG_NOKIA_Write_Command_NOKIA_command
0x0036       [1]    FARG_NOKIA_Write_Byte_byteforNOKIA
0x0070       [1]    R0
0x0071       [1]    R1
0x0072       [1]    R2
0x0073       [1]    R3
0x0074       [1]    R4
0x0075       [1]    R5
0x0076       [1]    R6
0x0077       [1]    R7
0x0078       [1]    R8
0x0079       [1]    R9
0x007A       [1]    R10
0x007B       [1]    R11
0x007C       [1]    R12
0x007D       [1]    R13
0x007E       [1]    R14
0x007F       [1]    R15
0x0086       [0]    nok_dc_dir
0x0086       [0]    nok_sdin_dir
0x0086       [0]    nok_sclk_dir
0x0086       [0]    nok_sce_dir
0x0086       [0]    nok_res_dir
0x0086       [1]    TRISB
//** Constants locations ** 
//ADDRESS    SIZE    CONSTANT
//----------------------------------------------
0x03D1     [504]    _iau_bmp
0x05C9     [241]    _tablo2
0x06BA     [240]    _tablo1
0x07AA      [60]    _asd_bmp
0x07E6      [16]    ?lstr_1_MyProject
